[INFO] 2014-03-03 17:15:13 - com.aionemu.loginserver.configs.Config:92 - Loading: ./config/network/network.properties
[INFO] 2014-03-03 17:15:13 - com.aionemu.loginserver.configs.Config:93 - Loading: ./config/network/database.properties
[INFO] 2014-03-03 17:15:13 - com.aionemu.commons.database.DatabaseFactory:133 - Successfully connected to database
[INFO] 2014-03-03 17:15:15 - com.aionemu.commons.database.dao.DAOManager:70 - Loaded 4 DAO implementations.
[INFO] 2014-03-03 17:15:15 - com.aionemu.loginserver.network.ncrypt.KeyGen:55 - Initializing Key Generator...
[INFO] 2014-03-03 17:15:17 - com.aionemu.loginserver.GameServerTable:65 - GameServerTable loaded 0 registered GameServers.
[INFO] 2014-03-03 17:15:17 - com.aionemu.loginserver.controller.BannedIpController:57 - BannedIpController loaded 0 IP bans.
[INFO] 2014-03-03 17:15:18 - com.aionemu.commons.network.NioServer:120 - Server listening on all available IPs on Port 9014 for Gs Connections
[INFO] 2014-03-03 17:15:18 - com.aionemu.commons.network.NioServer:120 - Server listening on all available IPs on Port 2106 for Aion Connections
[INFO] 2014-03-03 17:15:18 - com.aionemu.commons.utils.AEInfos:126 - OS: Windows Vista Build: 6.1
[INFO] 2014-03-03 17:15:18 - com.aionemu.commons.utils.AEInfos:126 - OS Arch: x86
[INFO] 2014-03-03 17:15:18 - com.aionemu.commons.utils.AEInfos:126 - ..................................................
[INFO] 2014-03-03 17:15:18 - com.aionemu.commons.utils.AEInfos:126 - ..................................................
[INFO] 2014-03-03 17:15:18 - com.aionemu.commons.utils.AEInfos:120 - Avaible CPU(s): 2
[INFO] 2014-03-03 17:15:18 - com.aionemu.commons.utils.AEInfos:120 - Processor(s) Identifier: Intel64 Family 6 Model 23 Stepping 10, GenuineIntel
[INFO] 2014-03-03 17:15:18 - com.aionemu.commons.utils.AEInfos:120 - ..................................................
[INFO] 2014-03-03 17:15:18 - com.aionemu.commons.utils.AEInfos:120 - ..................................................
[INFO] 2014-03-03 17:15:18 - com.aionemu.commons.utils.AEInfos:132 - Java Platform Information
[INFO] 2014-03-03 17:15:18 - com.aionemu.commons.utils.AEInfos:132 - Java Runtime  Name: Java(TM) SE Runtime Environment
[INFO] 2014-03-03 17:15:18 - com.aionemu.commons.utils.AEInfos:132 - Java Version: 1.6.0_10-rc2
[INFO] 2014-03-03 17:15:18 - com.aionemu.commons.utils.AEInfos:132 - Java Class Version: 50.0
[INFO] 2014-03-03 17:15:18 - com.aionemu.commons.utils.AEInfos:132 - ..................................................
[INFO] 2014-03-03 17:15:18 - com.aionemu.commons.utils.AEInfos:132 - ..................................................
[INFO] 2014-03-03 17:15:18 - com.aionemu.commons.utils.AEInfos:138 - Virtual Machine Information (JVM)
[INFO] 2014-03-03 17:15:18 - com.aionemu.commons.utils.AEInfos:138 - JVM Name: Java HotSpot(TM) Client VM
[INFO] 2014-03-03 17:15:18 - com.aionemu.commons.utils.AEInfos:138 - JVM installation directory: C:\Program Files (x86)\Java\jdk1.6.0_10\jre
[INFO] 2014-03-03 17:15:18 - com.aionemu.commons.utils.AEInfos:138 - JVM version: 11.0-b15
[INFO] 2014-03-03 17:15:18 - com.aionemu.commons.utils.AEInfos:138 - JVM Vendor: Sun Microsystems Inc.
[INFO] 2014-03-03 17:15:18 - com.aionemu.commons.utils.AEInfos:138 - JVM Info: mixed mode
[INFO] 2014-03-03 17:15:18 - com.aionemu.commons.utils.AEInfos:138 - ..................................................
[INFO] 2014-03-03 17:15:18 - com.aionemu.commons.utils.AEInfos:138 - ..................................................
[INFO] 2014-03-03 17:15:18 - com.aionemu.commons.utils.AEInfos:114 - +----
[INFO] 2014-03-03 17:15:18 - com.aionemu.commons.utils.AEInfos:114 - | Global Memory Informations at 17:15:18:
[INFO] 2014-03-03 17:15:18 - com.aionemu.commons.utils.AEInfos:114 - |    |
[INFO] 2014-03-03 17:15:18 - com.aionemu.commons.utils.AEInfos:114 - | Allowed Memory: 65088 KB
[INFO] 2014-03-03 17:15:18 - com.aionemu.commons.utils.AEInfos:114 - |    |= Allocated Memory: 11552 KB (17.7483%)
[INFO] 2014-03-03 17:15:18 - com.aionemu.commons.utils.AEInfos:114 - |    |= Non-Allocated Memory: 53536 KB (82.2517%)
[INFO] 2014-03-03 17:15:18 - com.aionemu.commons.utils.AEInfos:114 - | Allocated Memory: 11552 KB
[INFO] 2014-03-03 17:15:18 - com.aionemu.commons.utils.AEInfos:114 - |    |= Used Memory: 8994 KB (13.8182%)
[INFO] 2014-03-03 17:15:18 - com.aionemu.commons.utils.AEInfos:114 - |    |= Unused (cached) Memory: 2558 KB (3.9301%)
[INFO] 2014-03-03 17:15:18 - com.aionemu.commons.utils.AEInfos:114 - | Useable Memory: 56094 KB (86.1818%)
[INFO] 2014-03-03 17:15:18 - com.aionemu.commons.utils.AEInfos:114 - +----
[INFO] 2014-03-03 17:15:18 - com.aionemu.loginserver.LoginServer:78 - AE Login Server started in 5 seconds.
[INFO] 2014-03-03 17:15:19 - com.aionemu.loginserver.network.aion.AionConnection:118 - connection from: 127.0.0.1
[INFO] 2014-03-03 17:16:03 - com.aionemu.loginserver.network.aion.AionConnection:118 - connection from: 127.0.0.1
[INFO] 2014-03-03 17:17:34 - com.aionemu.loginserver.network.aion.AionConnection:118 - connection from: 127.0.0.1
[INFO] 2014-03-03 17:18:34 - com.aionemu.loginserver.network.aion.AionConnection:118 - connection from: 127.0.0.1
