[ERROR 2014-02-27 16:48:58] com.aionemu.gameserver.utils.ThreadUncaughtExceptionHandler:37 - Critical Error - Thread: main terminated abnormaly: com.google.inject.CreationException: Guice creation errors:

1) Error injecting constructor, java.lang.OutOfMemoryError: Java heap space
  at com.aionemu.gameserver.dataholders.DataManager.<init>(DataManager.java:142)
  at com.aionemu.gameserver.utils.guice.DataInjectionModule.configure(DataInjectionModule.java:110)
  while locating com.aionemu.gameserver.dataholders.DataManager
Caused by: java.lang.OutOfMemoryError: Java heap space
	at java.util.Arrays.copyOfRange(Arrays.java:3209)
	at java.lang.String.<init>(String.java:216)
	at java.lang.StringBuilder.toString(StringBuilder.java:430)
	at com.sun.xml.internal.bind.v2.runtime.unmarshaller.UnmarshallingContext.createInstance(UnmarshallingContext.java:521)
	at com.sun.xml.internal.bind.v2.runtime.unmarshaller.StructureLoader.startElement(StructureLoader.java:145)
	at com.sun.xml.internal.bind.v2.runtime.unmarshaller.UnmarshallingContext._startElement(UnmarshallingContext.java:402)
	at com.sun.xml.internal.bind.v2.runtime.unmarshaller.UnmarshallingContext.startElement(UnmarshallingContext.java:380)
	at com.sun.xml.internal.bind.v2.runtime.unmarshaller.ValidatingUnmarshaller.startElement(ValidatingUnmarshaller.java:74)
	at com.sun.xml.internal.bind.v2.runtime.unmarshaller.SAXConnector.startElement(SAXConnector.java:101)
	at com.sun.org.apache.xerces.internal.parsers.AbstractSAXParser.startElement(AbstractSAXParser.java:501)
	at com.sun.org.apache.xerces.internal.impl.XMLNSDocumentScannerImpl.scanStartElement(XMLNSDocumentScannerImpl.java:400)
	at com.sun.org.apache.xerces.internal.impl.XMLDocumentFragmentScannerImpl$FragmentContentDriver.next(XMLDocumentFragmentScannerImpl.java:2747)
	at com.sun.org.apache.xerces.internal.impl.XMLDocumentScannerImpl.next(XMLDocumentScannerImpl.java:648)
	at com.sun.org.apache.xerces.internal.impl.XMLNSDocumentScannerImpl.next(XMLNSDocumentScannerImpl.java:140)
	at com.sun.org.apache.xerces.internal.impl.XMLDocumentFragmentScannerImpl.scanDocument(XMLDocumentFragmentScannerImpl.java:510)
	at com.sun.org.apache.xerces.internal.parsers.XML11Configuration.parse(XML11Configuration.java:807)
	at com.sun.org.apache.xerces.internal.parsers.XML11Configuration.parse(XML11Configuration.java:737)
	at com.sun.org.apache.xerces.internal.parsers.XMLParser.parse(XMLParser.java:107)
	at com.sun.org.apache.xerces.internal.parsers.AbstractSAXParser.parse(AbstractSAXParser.java:1205)
	at com.sun.org.apache.xerces.internal.jaxp.SAXParserImpl$JAXPSAXParser.parse(SAXParserImpl.java:522)
	at com.sun.xml.internal.bind.v2.runtime.unmarshaller.UnmarshallerImpl.unmarshal0(UnmarshallerImpl.java:195)
	at com.sun.xml.internal.bind.v2.runtime.unmarshaller.UnmarshallerImpl.unmarshal(UnmarshallerImpl.java:168)
	at javax.xml.bind.helpers.AbstractUnmarshallerImpl.unmarshal(AbstractUnmarshallerImpl.java:137)
	at javax.xml.bind.helpers.AbstractUnmarshallerImpl.unmarshal(AbstractUnmarshallerImpl.java:142)
	at javax.xml.bind.helpers.AbstractUnmarshallerImpl.unmarshal(AbstractUnmarshallerImpl.java:151)
	at javax.xml.bind.helpers.AbstractUnmarshallerImpl.unmarshal(AbstractUnmarshallerImpl.java:169)
	at com.aionemu.gameserver.dataholders.loadingutils.XmlDataLoader.loadStaticData(XmlDataLoader.java:74)
	at com.aionemu.gameserver.dataholders.DataManager.<init>(DataManager.java:149)
	at com.aionemu.gameserver.dataholders.DataManager$$FastClassByGuice$$c178824e.newInstance(<generated>)
	at com.google.inject.internal.cglib.reflect.FastConstructor.newInstance(FastConstructor.java:40)
	at com.google.inject.internal.DefaultConstructionProxyFactory$1.newInstance(DefaultConstructionProxyFactory.java:58)
	at com.google.inject.internal.ConstructorInjector.construct(ConstructorInjector.java:80)

2) Error injecting constructor, java.lang.OutOfMemoryError: Java heap space
  at com.aionemu.gameserver.dataholders.DataManager.<init>(DataManager.java:142)
  at com.aionemu.gameserver.utils.guice.DataInjectionModule.configure(DataInjectionModule.java:110)
  while locating com.aionemu.gameserver.dataholders.DataManager
  at com.aionemu.gameserver.utils.guice.DataInjectionModule.provideWorldMapsData(DataInjectionModule.java:157)
  while locating com.aionemu.gameserver.dataholders.WorldMapsData
    for parameter 0 at com.aionemu.gameserver.world.World.<init>(World.java:80)
  at com.aionemu.gameserver.utils.guice.DataInjectionModule.configure(DataInjectionModule.java:111)
  while locating com.aionemu.gameserver.world.World
Caused by: java.lang.OutOfMemoryError: Java heap space

3) Error injecting constructor, java.lang.OutOfMemoryError: Java heap space
  at com.aionemu.gameserver.dataholders.DataManager.<init>(DataManager.java:142)
  at com.aionemu.gameserver.utils.guice.DataInjectionModule.configure(DataInjectionModule.java:110)
  while locating com.aionemu.gameserver.dataholders.DataManager
  at com.aionemu.gameserver.utils.guice.DataInjectionModule.provideWorldMapsData(DataInjectionModule.java:157)
  while locating com.aionemu.gameserver.dataholders.WorldMapsData
    for parameter 0 at com.aionemu.gameserver.world.World.<init>(World.java:80)
  at com.aionemu.gameserver.utils.guice.DataInjectionModule.configure(DataInjectionModule.java:111)
  while locating com.aionemu.gameserver.world.World
    for field at com.aionemu.gameserver.spawnengine.SpawnEngine.world(SpawnEngine.java:83)
  at com.aionemu.gameserver.utils.guice.DataInjectionModule.configure(DataInjectionModule.java:112)
  while locating com.aionemu.gameserver.spawnengine.SpawnEngine
Caused by: java.lang.OutOfMemoryError: Java heap space

4) Error injecting constructor, java.lang.OutOfMemoryError: Java heap space
  at com.aionemu.gameserver.dataholders.DataManager.<init>(DataManager.java:142)
  at com.aionemu.gameserver.utils.guice.DataInjectionModule.configure(DataInjectionModule.java:110)
  while locating com.aionemu.gameserver.dataholders.DataManager
  at com.aionemu.gameserver.utils.guice.DataInjectionModule.provideSpawnData(DataInjectionModule.java:151)
  while locating com.aionemu.gameserver.dataholders.SpawnsData
    for field at com.aionemu.gameserver.spawnengine.SpawnEngine.spawnsData(SpawnEngine.java:83)
  at com.aionemu.gameserver.utils.guice.DataInjectionModule.configure(DataInjectionModule.java:112)
  while locating com.aionemu.gameserver.spawnengine.SpawnEngine
Caused by: java.lang.OutOfMemoryError: Java heap space

5) Error injecting constructor, java.lang.OutOfMemoryError: Java heap space
  at com.aionemu.gameserver.dataholders.DataManager.<init>(DataManager.java:142)
  at com.aionemu.gameserver.utils.guice.DataInjectionModule.configure(DataInjectionModule.java:110)
  while locating com.aionemu.gameserver.dataholders.DataManager
  at com.aionemu.gameserver.utils.guice.DataInjectionModule.provideGatherableData(DataInjectionModule.java:188)
  while locating com.aionemu.gameserver.dataholders.GatherableData
    for field at com.aionemu.gameserver.spawnengine.SpawnEngine.gatherableData(SpawnEngine.java:83)
  at com.aionemu.gameserver.utils.guice.DataInjectionModule.configure(DataInjectionModule.java:112)
  while locating com.aionemu.gameserver.spawnengine.SpawnEngine
Caused by: java.lang.OutOfMemoryError: Java heap space

6) Error injecting constructor, java.lang.OutOfMemoryError: Java heap space
  at com.aionemu.gameserver.dataholders.DataManager.<init>(DataManager.java:142)
  at com.aionemu.gameserver.utils.guice.DataInjectionModule.configure(DataInjectionModule.java:110)
  while locating com.aionemu.gameserver.dataholders.DataManager
  at com.aionemu.gameserver.utils.guice.DataInjectionModule.provideNpcData(DataInjectionModule.java:163)
  while locating com.aionemu.gameserver.dataholders.NpcData
    for field at com.aionemu.gameserver.spawnengine.SpawnEngine.npcData(SpawnEngine.java:83)
  at com.aionemu.gameserver.utils.guice.DataInjectionModule.configure(DataInjectionModule.java:112)
  while locating com.aionemu.gameserver.spawnengine.SpawnEngine
Caused by: java.lang.OutOfMemoryError: Java heap space

7) Error injecting constructor, java.lang.OutOfMemoryError: Java heap space
  at com.aionemu.gameserver.dataholders.DataManager.<init>(DataManager.java:142)
  at com.aionemu.gameserver.utils.guice.DataInjectionModule.configure(DataInjectionModule.java:110)
  while locating com.aionemu.gameserver.dataholders.DataManager
  at com.aionemu.gameserver.utils.guice.DataInjectionModule.provideNpcData(DataInjectionModule.java:163)
  while locating com.aionemu.gameserver.dataholders.NpcData
    for field at com.aionemu.gameserver.spawnengine.RiftSpawnManager.npcData(RiftSpawnManager.java:49)
  at com.aionemu.gameserver.utils.guice.DataInjectionModule.configure(DataInjectionModule.java:123)
  while locating com.aionemu.gameserver.spawnengine.RiftSpawnManager
    for field at com.aionemu.gameserver.spawnengine.SpawnEngine.riftSpawnManager(SpawnEngine.java:83)
  at com.aionemu.gameserver.utils.guice.DataInjectionModule.configure(DataInjectionModule.java:112)
  while locating com.aionemu.gameserver.spawnengine.SpawnEngine
Caused by: java.lang.OutOfMemoryError: Java heap space

8) Error injecting constructor, java.lang.OutOfMemoryError: Java heap space
  at com.aionemu.gameserver.dataholders.DataManager.<init>(DataManager.java:142)
  at com.aionemu.gameserver.utils.guice.DataInjectionModule.configure(DataInjectionModule.java:110)
  while locating com.aionemu.gameserver.dataholders.DataManager
  at com.aionemu.gameserver.utils.guice.DataInjectionModule.provideWorldMapsData(DataInjectionModule.java:157)
  while locating com.aionemu.gameserver.dataholders.WorldMapsData
    for parameter 0 at com.aionemu.gameserver.world.World.<init>(World.java:80)
  at com.aionemu.gameserver.utils.guice.DataInjectionModule.configure(DataInjectionModule.java:111)
  while locating com.aionemu.gameserver.world.World
    for field at com.aionemu.gameserver.spawnengine.RiftSpawnManager.world(RiftSpawnManager.java:49)
  at com.aionemu.gameserver.utils.guice.DataInjectionModule.configure(DataInjectionModule.java:123)
  while locating com.aionemu.gameserver.spawnengine.RiftSpawnManager
    for field at com.aionemu.gameserver.spawnengine.SpawnEngine.riftSpawnManager(SpawnEngine.java:83)
  at com.aionemu.gameserver.utils.guice.DataInjectionModule.configure(DataInjectionModule.java:112)
  while locating com.aionemu.gameserver.spawnengine.SpawnEngine
Caused by: java.lang.OutOfMemoryError: Java heap space

9) Error injecting constructor, java.lang.OutOfMemoryError: Java heap space
  at com.aionemu.gameserver.dataholders.DataManager.<init>(DataManager.java:142)
  at com.aionemu.gameserver.utils.guice.DataInjectionModule.configure(DataInjectionModule.java:110)
  while locating com.aionemu.gameserver.dataholders.DataManager
  at com.aionemu.gameserver.utils.guice.DataInjectionModule.provideItemData(DataInjectionModule.java:170)
  while locating com.aionemu.gameserver.dataholders.ItemData
    for field at com.aionemu.gameserver.spawnengine.StaticObjectSpawnManager.itemData(StaticObjectSpawnManager.java:36)
  while locating com.aionemu.gameserver.spawnengine.StaticObjectSpawnManager
    for field at com.aionemu.gameserver.spawnengine.SpawnEngine.staticObjectSpawnManager(SpawnEngine.java:83)
  at com.aionemu.gameserver.utils.guice.DataInjectionModule.configure(DataInjectionModule.java:112)
  while locating com.aionemu.gameserver.spawnengine.SpawnEngine
Caused by: java.lang.OutOfMemoryError: Java heap space

10) Error injecting constructor, java.lang.OutOfMemoryError: Java heap space
  at com.aionemu.gameserver.dataholders.DataManager.<init>(DataManager.java:142)
  at com.aionemu.gameserver.utils.guice.DataInjectionModule.configure(DataInjectionModule.java:110)
  while locating com.aionemu.gameserver.dataholders.DataManager
  at com.aionemu.gameserver.utils.guice.DataInjectionModule.provideWorldMapsData(DataInjectionModule.java:157)
  while locating com.aionemu.gameserver.dataholders.WorldMapsData
    for parameter 0 at com.aionemu.gameserver.world.World.<init>(World.java:80)
  at com.aionemu.gameserver.utils.guice.DataInjectionModule.configure(DataInjectionModule.java:111)
  while locating com.aionemu.gameserver.world.World
    for field at com.aionemu.gameserver.spawnengine.StaticObjectSpawnManager.world(StaticObjectSpawnManager.java:36)
  while locating com.aionemu.gameserver.spawnengine.StaticObjectSpawnManager
    for field at com.aionemu.gameserver.spawnengine.SpawnEngine.staticObjectSpawnManager(SpawnEngine.java:83)
  at com.aionemu.gameserver.utils.guice.DataInjectionModule.configure(DataInjectionModule.java:112)
  while locating com.aionemu.gameserver.spawnengine.SpawnEngine
Caused by: java.lang.OutOfMemoryError: Java heap space

11) Error injecting constructor, java.lang.OutOfMemoryError: Java heap space
  at com.aionemu.gameserver.dataholders.DataManager.<init>(DataManager.java:142)
  at com.aionemu.gameserver.utils.guice.DataInjectionModule.configure(DataInjectionModule.java:110)
  while locating com.aionemu.gameserver.dataholders.DataManager
  at com.aionemu.gameserver.utils.guice.DataInjectionModule.provideWorldMapsData(DataInjectionModule.java:157)
  while locating com.aionemu.gameserver.dataholders.WorldMapsData
    for field at com.aionemu.gameserver.spawnengine.SpawnEngine.worldMapsData(SpawnEngine.java:83)
  at com.aionemu.gameserver.utils.guice.DataInjectionModule.configure(DataInjectionModule.java:112)
  while locating com.aionemu.gameserver.spawnengine.SpawnEngine
Caused by: java.lang.OutOfMemoryError: Java heap space

12) Error injecting constructor, java.lang.OutOfMemoryError: Java heap space
  at com.aionemu.gameserver.dataholders.DataManager.<init>(DataManager.java:142)
  at com.aionemu.gameserver.utils.guice.DataInjectionModule.configure(DataInjectionModule.java:110)
  while locating com.aionemu.gameserver.dataholders.DataManager
  at com.aionemu.gameserver.utils.guice.DataInjectionModule.provideBindPointData(DataInjectionModule.java:194)
  while locating com.aionemu.gameserver.dataholders.BindPointData
    for field at com.aionemu.gameserver.spawnengine.SpawnEngine.bindPointData(SpawnEngine.java:83)
  at com.aionemu.gameserver.utils.guice.DataInjectionModule.configure(DataInjectionModule.java:112)
  while locating com.aionemu.gameserver.spawnengine.SpawnEngine
Caused by: java.lang.OutOfMemoryError: Java heap space

13) Error injecting constructor, java.lang.OutOfMemoryError: Java heap space
  at com.aionemu.gameserver.dataholders.DataManager.<init>(DataManager.java:142)
  at com.aionemu.gameserver.utils.guice.DataInjectionModule.configure(DataInjectionModule.java:110)
  while locating com.aionemu.gameserver.dataholders.DataManager
  at com.aionemu.gameserver.utils.guice.DataInjectionModule.provideNpcSkillData(DataInjectionModule.java:307)
  while locating com.aionemu.gameserver.dataholders.NpcSkillData
    for field at com.aionemu.gameserver.spawnengine.SpawnEngine.npcSkillData(SpawnEngine.java:83)
  at com.aionemu.gameserver.utils.guice.DataInjectionModule.configure(DataInjectionModule.java:112)
  while locating com.aionemu.gameserver.spawnengine.SpawnEngine
Caused by: java.lang.OutOfMemoryError: Java heap space

14) Error injecting constructor, java.lang.OutOfMemoryError: Java heap space
  at com.aionemu.gameserver.dataholders.DataManager.<init>(DataManager.java:142)
  at com.aionemu.gameserver.utils.guice.DataInjectionModule.configure(DataInjectionModule.java:110)
  while locating com.aionemu.gameserver.dataholders.DataManager
  at com.aionemu.gameserver.utils.guice.DataInjectionModule.provideSummonStatsData(DataInjectionModule.java:264)
  while locating com.aionemu.gameserver.dataholders.SummonStatsData
    for field at com.aionemu.gameserver.spawnengine.SpawnEngine.summonStatsData(SpawnEngine.java:83)
  at com.aionemu.gameserver.utils.guice.DataInjectionModule.configure(DataInjectionModule.java:112)
  while locating com.aionemu.gameserver.spawnengine.SpawnEngine
Caused by: java.lang.OutOfMemoryError: Java heap space

15) Error injecting constructor, java.lang.OutOfMemoryError: Java heap space
  at com.aionemu.gameserver.dataholders.DataManager.<init>(DataManager.java:142)
  at com.aionemu.gameserver.utils.guice.DataInjectionModule.configure(DataInjectionModule.java:110)
  while locating com.aionemu.gameserver.dataholders.DataManager
  at com.aionemu.gameserver.utils.guice.DataInjectionModule.provideQuestsData(DataInjectionModule.java:295)
  while locating com.aionemu.gameserver.dataholders.QuestsData
    for field at com.aionemu.gameserver.questEngine.QuestEngine.questData(QuestEngine.java:53)
  at com.aionemu.gameserver.utils.guice.DataInjectionModule.configure(DataInjectionModule.java:113)
  while locating com.aionemu.gameserver.questEngine.QuestEngine
Caused by: java.lang.OutOfMemoryError: Java heap space

16) Error injecting constructor, java.lang.OutOfMemoryError: Java heap space
  at com.aionemu.gameserver.dataholders.DataManager.<init>(DataManager.java:142)
  at com.aionemu.gameserver.utils.guice.DataInjectionModule.configure(DataInjectionModule.java:110)
  while locating com.aionemu.gameserver.dataholders.DataManager
  at com.aionemu.gameserver.utils.guice.DataInjectionModule.provideQuestScriptsData(DataInjectionModule.java:301)
  while locating com.aionemu.gameserver.dataholders.QuestScriptsData
    for field at com.aionemu.gameserver.questEngine.QuestEngine.questScriptsData(QuestEngine.java:53)
  at com.aionemu.gameserver.utils.guice.DataInjectionModule.configure(DataInjectionModule.java:113)
  while locating com.aionemu.gameserver.questEngine.QuestEngine
Caused by: java.lang.OutOfMemoryError: Java heap space

17) Error injecting constructor, java.lang.OutOfMemoryError: Java heap space
  at com.aionemu.gameserver.dataholders.DataManager.<init>(DataManager.java:142)
  at com.aionemu.gameserver.utils.guice.DataInjectionModule.configure(DataInjectionModule.java:110)
  while locating com.aionemu.gameserver.dataholders.DataManager
  at com.aionemu.gameserver.utils.guice.DataInjectionModule.provideWorldMapsData(DataInjectionModule.java:157)
  while locating com.aionemu.gameserver.dataholders.WorldMapsData
    for parameter 0 at com.aionemu.gameserver.world.World.<init>(World.java:80)
  at com.aionemu.gameserver.utils.guice.DataInjectionModule.configure(DataInjectionModule.java:111)
  while locating com.aionemu.gameserver.world.World
    for parameter 1 at com.aionemu.gameserver.services.DropService.<init>(DropService.java:68)
  at com.aionemu.gameserver.utils.guice.DataInjectionModule.configure(DataInjectionModule.java:121)
  while locating com.aionemu.gameserver.services.DropService
Caused by: java.lang.OutOfMemoryError: Java heap space

18) Error injecting constructor, java.lang.OutOfMemoryError: Java heap space
  at com.aionemu.gameserver.dataholders.DataManager.<init>(DataManager.java:142)
  at com.aionemu.gameserver.utils.guice.DataInjectionModule.configure(DataInjectionModule.java:110)
  while locating com.aionemu.gameserver.dataholders.DataManager
  at com.aionemu.gameserver.utils.guice.DataInjectionModule.provideQuestsData(DataInjectionModule.java:295)
  while locating com.aionemu.gameserver.dataholders.QuestsData
    for field at com.aionemu.gameserver.questEngine.QuestEngine.questData(QuestEngine.java:53)
  at com.aionemu.gameserver.utils.guice.DataInjectionModule.configure(DataInjectionModule.java:113)
  while locating com.aionemu.gameserver.questEngine.QuestEngine
    for field at com.aionemu.gameserver.services.GroupService.questEngine(GroupService.java:56)
  at com.aionemu.gameserver.utils.guice.DataInjectionModule.configure(DataInjectionModule.java:132)
  while locating com.aionemu.gameserver.services.GroupService
    for parameter 2 at com.aionemu.gameserver.services.DropService.<init>(DropService.java:68)
  at com.aionemu.gameserver.utils.guice.DataInjectionModule.configure(DataInjectionModule.java:121)
  while locating com.aionemu.gameserver.services.DropService
Caused by: java.lang.OutOfMemoryError: Java heap space

19) Error injecting constructor, java.lang.OutOfMemoryError: Java heap space
  at com.aionemu.gameserver.dataholders.DataManager.<init>(DataManager.java:142)
  at com.aionemu.gameserver.utils.guice.DataInjectionModule.configure(DataInjectionModule.java:110)
  while locating com.aionemu.gameserver.dataholders.DataManager
  at com.aionemu.gameserver.utils.guice.DataInjectionModule.provideQuestScriptsData(DataInjectionModule.java:301)
  while locating com.aionemu.gameserver.dataholders.QuestScriptsData
    for field at com.aionemu.gameserver.questEngine.QuestEngine.questScriptsData(QuestEngine.java:53)
  at com.aionemu.gameserver.utils.guice.DataInjectionModule.configure(DataInjectionModule.java:113)
  while locating com.aionemu.gameserver.questEngine.QuestEngine
    for field at com.aionemu.gameserver.services.GroupService.questEngine(GroupService.java:56)
  at com.aionemu.gameserver.utils.guice.DataInjectionModule.configure(DataInjectionModule.java:132)
  while locating com.aionemu.gameserver.services.GroupService
    for parameter 2 at com.aionemu.gameserver.services.DropService.<init>(DropService.java:68)
  at com.aionemu.gameserver.utils.guice.DataInjectionModule.configure(DataInjectionModule.java:121)
  while locating com.aionemu.gameserver.services.DropService
Caused by: java.lang.OutOfMemoryError: Java heap space

20) Error injecting constructor, java.lang.OutOfMemoryError: Java heap space
  at com.aionemu.gameserver.dataholders.DataManager.<init>(DataManager.java:142)
  at com.aionemu.gameserver.utils.guice.DataInjectionModule.configure(DataInjectionModule.java:110)
  while locating com.aionemu.gameserver.dataholders.DataManager
  at com.aionemu.gameserver.utils.guice.DataInjectionModule.provideWorldMapsData(DataInjectionModule.java:157)
  while locating com.aionemu.gameserver.dataholders.WorldMapsData
    for parameter 0 at com.aionemu.gameserver.world.World.<init>(World.java:80)
  at com.aionemu.gameserver.utils.guice.DataInjectionModule.configure(DataInjectionModule.java:111)
  while locating com.aionemu.gameserver.world.World
    for field at com.aionemu.gameserver.spawnengine.SpawnEngine.world(SpawnEngine.java:83)
  at com.aionemu.gameserver.utils.guice.DataInjectionModule.configure(DataInjectionModule.java:112)
  while locating com.aionemu.gameserver.spawnengine.SpawnEngine
    for field at com.aionemu.gameserver.services.QuestService.spawnEngine(QuestService.java:58)
  at com.aionemu.gameserver.utils.guice.DataInjectionModule.configure(DataInjectionModule.java:140)
  while locating com.aionemu.gameserver.services.QuestService
    for parameter 3 at com.aionemu.gameserver.services.DropService.<init>(DropService.java:68)
  at com.aionemu.gameserver.utils.guice.DataInjectionModule.configure(DataInjectionModule.java:121)
  while locating com.aionemu.gameserver.services.DropService
Caused by: java.lang.OutOfMemoryError: Java heap space

21) Error injecting constructor, java.lang.OutOfMemoryError: Java heap space
  at com.aionemu.gameserver.dataholders.DataManager.<init>(DataManager.java:142)
  at com.aionemu.gameserver.utils.guice.DataInjectionModule.configure(DataInjectionModule.java:110)
  while locating com.aionemu.gameserver.dataholders.DataManager
  at com.aionemu.gameserver.utils.guice.DataInjectionModule.provideSpawnData(DataInjectionModule.java:151)
  while locating com.aionemu.gameserver.dataholders.SpawnsData
    for field at com.aionemu.gameserver.spawnengine.SpawnEngine.spawnsData(SpawnEngine.java:83)
  at com.aionemu.gameserver.utils.guice.DataInjectionModule.configure(DataInjectionModule.java:112)
  while locating com.aionemu.gameserver.spawnengine.SpawnEngine
    for field at com.aionemu.gameserver.services.QuestService.spawnEngine(QuestService.java:58)
  at com.aionemu.gameserver.utils.guice.DataInjectionModule.configure(DataInjectionModule.java:140)
  while locating com.aionemu.gameserver.services.QuestService
    for parameter 3 at com.aionemu.gameserver.services.DropService.<init>(DropService.java:68)
  at com.aionemu.gameserver.utils.guice.DataInjectionModule.configure(DataInjectionModule.java:121)
  while locating com.aionemu.gameserver.services.DropService
Caused by: java.lang.OutOfMemoryError: Java heap space

22) Error injecting constructor, java.lang.OutOfMemoryError: Java heap space
  at com.aionemu.gameserver.dataholders.DataManager.<init>(DataManager.java:142)
  at com.aionemu.gameserver.utils.guice.DataInjectionModule.configure(DataInjectionModule.java:110)
  while locating com.aionemu.gameserver.dataholders.DataManager
  at com.aionemu.gameserver.utils.guice.DataInjectionModule.provideGatherableData(DataInjectionModule.java:188)
  while locating com.aionemu.gameserver.dataholders.GatherableData
    for field at com.aionemu.gameserver.spawnengine.SpawnEngine.gatherableData(SpawnEngine.java:83)
  at com.aionemu.gameserver.utils.guice.DataInjectionModule.configure(DataInjectionModule.java:112)
  while locating com.aionemu.gameserver.spawnengine.SpawnEngine
    for field at com.aionemu.gameserver.services.QuestService.spawnEngine(QuestService.java:58)
  at com.aionemu.gameserver.utils.guice.DataInjectionModule.configure(DataInjectionModule.java:140)
  while locating com.aionemu.gameserver.services.QuestService
    for parameter 3 at com.aionemu.gameserver.services.DropService.<init>(DropService.java:68)
  at com.aionemu.gameserver.utils.guice.DataInjectionModule.configure(DataInjectionModule.java:121)
  while locating com.aionemu.gameserver.services.DropService
Caused by: java.lang.OutOfMemoryError: Java heap space

23) Error injecting constructor, java.lang.OutOfMemoryError: Java heap space
  at com.aionemu.gameserver.dataholders.DataManager.<init>(DataManager.java:142)
  at com.aionemu.gameserver.utils.guice.DataInjectionModule.configure(DataInjectionModule.java:110)
  while locating com.aionemu.gameserver.dataholders.DataManager
  at com.aionemu.gameserver.utils.guice.DataInjectionModule.provideNpcData(DataInjectionModule.java:163)
  while locating com.aionemu.gameserver.dataholders.NpcData
    for field at com.aionemu.gameserver.spawnengine.SpawnEngine.npcData(SpawnEngine.java:83)
  at com.aionemu.gameserver.utils.guice.DataInjectionModule.configure(DataInjectionModule.java:112)
  while locating com.aionemu.gameserver.spawnengine.SpawnEngine
    for field at com.aionemu.gameserver.services.QuestService.spawnEngine(QuestService.java:58)
  at com.aionemu.gameserver.utils.guice.DataInjectionModule.configure(DataInjectionModule.java:140)
  while locating com.aionemu.gameserver.services.QuestService
    for parameter 3 at com.aionemu.gameserver.services.DropService.<init>(DropService.java:68)
  at com.aionemu.gameserver.utils.guice.DataInjectionModule.configure(DataInjectionModule.java:121)
  while locating com.aionemu.gameserver.services.DropService
Caused by: java.lang.OutOfMemoryError: Java heap space

24) Error injecting constructor, java.lang.OutOfMemoryError: Java heap space
  at com.aionemu.gameserver.dataholders.DataManager.<init>(DataManager.java:142)
  at com.aionemu.gameserver.utils.guice.DataInjectionModule.configure(DataInjectionModule.java:110)
  while locating com.aionemu.gameserver.dataholders.DataManager
  at com.aionemu.gameserver.utils.guice.DataInjectionModule.provideNpcData(DataInjectionModule.java:163)
  while locating com.aionemu.gameserver.dataholders.NpcData
    for field at com.aionemu.gameserver.spawnengine.RiftSpawnManager.npcData(RiftSpawnManager.java:49)
  at com.aionemu.gameserver.utils.guice.DataInjectionModule.configure(DataInjectionModule.java:123)
  while locating com.aionemu.gameserver.spawnengine.RiftSpawnManager
    for field at com.aionemu.gameserver.spawnengine.SpawnEngine.riftSpawnManager(SpawnEngine.java:83)
  at com.aionemu.gameserver.utils.guice.DataInjectionModule.configure(DataInjectionModule.java:112)
  while locating com.aionemu.gameserver.spawnengine.SpawnEngine
    for field at com.aionemu.gameserver.services.QuestService.spawnEngine(QuestService.java:58)
  at com.aionemu.gameserver.utils.guice.DataInjectionModule.configure(DataInjectionModule.java:140)
  while locating com.aionemu.gameserver.services.QuestService
    for parameter 3 at com.aionemu.gameserver.services.DropService.<init>(DropService.java:68)
  at com.aionemu.gameserver.utils.guice.DataInjectionModule.configure(DataInjectionModule.java:121)
  while locating com.aionemu.gameserver.services.DropService
Caused by: java.lang.OutOfMemoryError: Java heap space

25) Error injecting constructor, java.lang.OutOfMemoryError: Java heap space
  at com.aionemu.gameserver.dataholders.DataManager.<init>(DataManager.java:142)
  at com.aionemu.gameserver.utils.guice.DataInjectionModule.configure(DataInjectionModule.java:110)
  while locating com.aionemu.gameserver.dataholders.DataManager
  at com.aionemu.gameserver.utils.guice.DataInjectionModule.provideWorldMapsData(DataInjectionModule.java:157)
  while locating com.aionemu.gameserver.dataholders.WorldMapsData
    for parameter 0 at com.aionemu.gameserver.world.World.<init>(World.java:80)
  at com.aionemu.gameserver.utils.guice.DataInjectionModule.configure(DataInjectionModule.java:111)
  while locating com.aionemu.gameserver.world.World
    for field at com.aionemu.gameserver.spawnengine.RiftSpawnManager.world(RiftSpawnManager.java:49)
  at com.aionemu.gameserver.utils.guice.DataInjectionModule.configure(DataInjectionModule.java:123)
  while locating com.aionemu.gameserver.spawnengine.RiftSpawnManager
    for field at com.aionemu.gameserver.spawnengine.SpawnEngine.riftSpawnManager(SpawnEngine.java:83)
  at com.aionemu.gameserver.utils.guice.DataInjectionModule.configure(DataInjectionModule.java:112)
  while locating com.aionemu.gameserver.spawnengine.SpawnEngine
    for field at com.aionemu.gameserver.services.QuestService.spawnEngine(QuestService.java:58)
  at com.aionemu.gameserver.utils.guice.DataInjectionModule.configure(DataInjectionModule.java:140)
  while locating com.aionemu.gameserver.services.QuestService
    for parameter 3 at com.aionemu.gameserver.services.DropService.<init>(DropService.java:68)
  at com.aionemu.gameserver.utils.guice.DataInjectionModule.configure(DataInjectionModule.java:121)
  while locating com.aionemu.gameserver.services.DropService
Caused by: java.lang.OutOfMemoryError: Java heap space

26) Error injecting constructor, java.lang.OutOfMemoryError: Java heap space
  at com.aionemu.gameserver.dataholders.DataManager.<init>(DataManager.java:142)
  at com.aionemu.gameserver.utils.guice.DataInjectionModule.configure(DataInjectionModule.java:110)
  while locating com.aionemu.gameserver.dataholders.DataManager
  at com.aionemu.gameserver.utils.guice.DataInjectionModule.provideItemData(DataInjectionModule.java:170)
  while locating com.aionemu.gameserver.dataholders.ItemData
    for field at com.aionemu.gameserver.spawnengine.StaticObjectSpawnManager.itemData(StaticObjectSpawnManager.java:36)
  while locating com.aionemu.gameserver.spawnengine.StaticObjectSpawnManager
    for field at com.aionemu.gameserver.spawnengine.SpawnEngine.staticObjectSpawnManager(SpawnEngine.java:83)
  at com.aionemu.gameserver.utils.guice.DataInjectionModule.configure(DataInjectionModule.java:112)
  while locating com.aionemu.gameserver.spawnengine.SpawnEngine
    for field at com.aionemu.gameserver.services.QuestService.spawnEngine(QuestService.java:58)
  at com.aionemu.gameserver.utils.guice.DataInjectionModule.configure(DataInjectionModule.java:140)
  while locating com.aionemu.gameserver.services.QuestService
    for parameter 3 at com.aionemu.gameserver.services.DropService.<init>(DropService.java:68)
  at com.aionemu.gameserver.utils.guice.DataInjectionModule.configure(DataInjectionModule.java:121)
  while locating com.aionemu.gameserver.services.DropService
Caused by: java.lang.OutOfMemoryError: Java heap space

27) Error injecting constructor, java.lang.OutOfMemoryError: Java heap space
  at com.aionemu.gameserver.dataholders.DataManager.<init>(DataManager.java:142)
  at com.aionemu.gameserver.utils.guice.DataInjectionModule.configure(DataInjectionModule.java:110)
  while locating com.aionemu.gameserver.dataholders.DataManager
  at com.aionemu.gameserver.utils.guice.DataInjectionModule.provideWorldMapsData(DataInjectionModule.java:157)
  while locating com.aionemu.gameserver.dataholders.WorldMapsData
    for parameter 0 at com.aionemu.gameserver.world.World.<init>(World.java:80)
  at com.aionemu.gameserver.utils.guice.DataInjectionModule.configure(DataInjectionModule.java:111)
  while locating com.aionemu.gameserver.world.World
    for field at com.aionemu.gameserver.spawnengine.StaticObjectSpawnManager.world(StaticObjectSpawnManager.java:36)
  while locating com.aionemu.gameserver.spawnengine.StaticObjectSpawnManager
    for field at com.aionemu.gameserver.spawnengine.SpawnEngine.staticObjectSpawnManager(SpawnEngine.java:83)
  at com.aionemu.gameserver.utils.guice.DataInjectionModule.configure(DataInjectionModule.java:112)
  while locating com.aionemu.gameserver.spawnengine.SpawnEngine
    for field at com.aionemu.gameserver.services.QuestService.spawnEngine(QuestService.java:58)
  at com.aionemu.gameserver.utils.guice.DataInjectionModule.configure(DataInjectionModule.java:140)
  while locating com.aionemu.gameserver.services.QuestService
    for parameter 3 at com.aionemu.gameserver.services.DropService.<init>(DropService.java:68)
  at com.aionemu.gameserver.utils.guice.DataInjectionModule.configure(DataInjectionModule.java:121)
  while locating com.aionemu.gameserver.services.DropService
Caused by: java.lang.OutOfMemoryError: Java heap space

28) Error injecting constructor, java.lang.OutOfMemoryError: Java heap space
  at com.aionemu.gameserver.dataholders.DataManager.<init>(DataManager.java:142)
  at com.aionemu.gameserver.utils.guice.DataInjectionModule.configure(DataInjectionModule.java:110)
  while locating com.aionemu.gameserver.dataholders.DataManager
  at com.aionemu.gameserver.utils.guice.DataInjectionModule.provideWorldMapsData(DataInjectionModule.java:157)
  while locating com.aionemu.gameserver.dataholders.WorldMapsData
    for field at com.aionemu.gameserver.spawnengine.SpawnEngine.worldMapsData(SpawnEngine.java:83)
  at com.aionemu.gameserver.utils.guice.DataInjectionModule.configure(DataInjectionModule.java:112)
  while locating com.aionemu.gameserver.spawnengine.SpawnEngine
    for field at com.aionemu.gameserver.services.QuestService.spawnEngine(QuestService.java:58)
  at com.aionemu.gameserver.utils.guice.DataInjectionModule.configure(DataInjectionModule.java:140)
  while locating com.aionemu.gameserver.services.QuestService
    for parameter 3 at com.aionemu.gameserver.services.DropService.<init>(DropService.java:68)
  at com.aionemu.gameserver.utils.guice.DataInjectionModule.configure(DataInjectionModule.java:121)
  while locating com.aionemu.gameserver.services.DropService
Caused by: java.lang.OutOfMemoryError: Java heap space

29) Error injecting constructor, java.lang.OutOfMemoryError: Java heap space
  at com.aionemu.gameserver.dataholders.DataManager.<init>(DataManager.java:142)
  at com.aionemu.gameserver.utils.guice.DataInjectionModule.configure(DataInjectionModule.java:110)
  while locating com.aionemu.gameserver.dataholders.DataManager
  at com.aionemu.gameserver.utils.guice.DataInjectionModule.provideBindPointData(DataInjectionModule.java:194)
  while locating com.aionemu.gameserver.dataholders.BindPointData
    for field at com.aionemu.gameserver.spawnengine.SpawnEngine.bindPointData(SpawnEngine.java:83)
  at com.aionemu.gameserver.utils.guice.DataInjectionModule.configure(DataInjectionModule.java:112)
  while locating com.aionemu.gameserver.spawnengine.SpawnEngine
    for field at com.aionemu.gameserver.services.QuestService.spawnEngine(QuestService.java:58)
  at com.aionemu.gameserver.utils.guice.DataInjectionModule.configure(DataInjectionModule.java:140)
  while locating com.aionemu.gameserver.services.QuestService
    for parameter 3 at com.aionemu.gameserver.services.DropService.<init>(DropService.java:68)
  at com.aionemu.gameserver.utils.guice.DataInjectionModule.configure(DataInjectionModule.java:121)
  while locating com.aionemu.gameserver.services.DropService
Caused by: java.lang.OutOfMemoryError: Java heap space

30) Error injecting constructor, java.lang.OutOfMemoryError: Java heap space
  at com.aionemu.gameserver.dataholders.DataManager.<init>(DataManager.java:142)
  at com.aionemu.gameserver.utils.guice.DataInjectionModule.configure(DataInjectionModule.java:110)
  while locating com.aionemu.gameserver.dataholders.DataManager
  at com.aionemu.gameserver.utils.guice.DataInjectionModule.provideNpcSkillData(DataInjectionModule.java:307)
  while locating com.aionemu.gameserver.dataholders.NpcSkillData
    for field at com.aionemu.gameserver.spawnengine.SpawnEngine.npcSkillData(SpawnEngine.java:83)
  at com.aionemu.gameserver.utils.guice.DataInjectionModule.configure(DataInjectionModule.java:112)
  while locating com.aionemu.gameserver.spawnengine.SpawnEngine
    for field at com.aionemu.gameserver.services.QuestService.spawnEngine(QuestService.java:58)
  at com.aionemu.gameserver.utils.guice.DataInjectionModule.configure(DataInjectionModule.java:140)
  while locating com.aionemu.gameserver.services.QuestService
    for parameter 3 at com.aionemu.gameserver.services.DropService.<init>(DropService.java:68)
  at com.aionemu.gameserver.utils.guice.DataInjectionModule.configure(DataInjectionModule.java:121)
  while locating com.aionemu.gameserver.services.DropService
Caused by: java.lang.OutOfMemoryError: Java heap space

31) Error injecting constructor, java.lang.OutOfMemoryError: Java heap space
  at com.aionemu.gameserver.dataholders.DataManager.<init>(DataManager.java:142)
  at com.aionemu.gameserver.utils.guice.DataInjectionModule.configure(DataInjectionModule.java:110)
  while locating com.aionemu.gameserver.dataholders.DataManager
  at com.aionemu.gameserver.utils.guice.DataInjectionModule.provideSummonStatsData(DataInjectionModule.java:264)
  while locating com.aionemu.gameserver.dataholders.SummonStatsData
    for field at com.aionemu.gameserver.spawnengine.SpawnEngine.summonStatsData(SpawnEngine.java:83)
  at com.aionemu.gameserver.utils.guice.DataInjectionModule.configure(DataInjectionModule.java:112)
  while locating com.aionemu.gameserver.spawnengine.SpawnEngine
    for field at com.aionemu.gameserver.services.QuestService.spawnEngine(QuestService.java:58)
  at com.aionemu.gameserver.utils.guice.DataInjectionModule.configure(DataInjectionModule.java:140)
  while locating com.aionemu.gameserver.services.QuestService
    for parameter 3 at com.aionemu.gameserver.services.DropService.<init>(DropService.java:68)
  at com.aionemu.gameserver.utils.guice.DataInjectionModule.configure(DataInjectionModule.java:121)
  while locating com.aionemu.gameserver.services.DropService
Caused by: java.lang.OutOfMemoryError: Java heap space

32) Error injecting constructor, java.lang.OutOfMemoryError: Java heap space
  at com.aionemu.gameserver.dataholders.DataManager.<init>(DataManager.java:142)
  at com.aionemu.gameserver.utils.guice.DataInjectionModule.configure(DataInjectionModule.java:110)
  while locating com.aionemu.gameserver.dataholders.DataManager
  at com.aionemu.gameserver.utils.guice.DataInjectionModule.provideQuestsData(DataInjectionModule.java:295)
  while locating com.aionemu.gameserver.dataholders.QuestsData
    for field at com.aionemu.gameserver.questEngine.QuestEngine.questData(QuestEngine.java:53)
  at com.aionemu.gameserver.utils.guice.DataInjectionModule.configure(DataInjectionModule.java:113)
  while locating com.aionemu.gameserver.questEngine.QuestEngine
    for field at com.aionemu.gameserver.services.QuestService.questEngine(QuestService.java:58)
  at com.aionemu.gameserver.utils.guice.DataInjectionModule.configure(DataInjectionModule.java:140)
  while locating com.aionemu.gameserver.services.QuestService
    for parameter 3 at com.aionemu.gameserver.services.DropService.<init>(DropService.java:68)
  at com.aionemu.gameserver.utils.guice.DataInjectionModule.configure(DataInjectionModule.java:121)
  while locating com.aionemu.gameserver.services.DropService
Caused by: java.lang.OutOfMemoryError: Java heap space

33) Error injecting constructor, java.lang.OutOfMemoryError: Java heap space
  at com.aionemu.gameserver.dataholders.DataManager.<init>(DataManager.java:142)
  at com.aionemu.gameserver.utils.guice.DataInjectionModule.configure(DataInjectionModule.java:110)
  while locating com.aionemu.gameserver.dataholders.DataManager
  at com.aionemu.gameserver.utils.guice.DataInjectionModule.provideQuestScriptsData(DataInjectionModule.java:301)
  while locating com.aionemu.gameserver.dataholders.QuestScriptsData
    for field at com.aionemu.gameserver.questEngine.QuestEngine.questScriptsData(QuestEngine.java:53)
  at com.aionemu.gameserver.utils.guice.DataInjectionModule.configure(DataInjectionModule.java:113)
  while locating com.aionemu.gameserver.questEngine.QuestEngine
    for field at com.aionemu.gameserver.services.QuestService.questEngine(QuestService.java:58)
  at com.aionemu.gameserver.utils.guice.DataInjectionModule.configure(DataInjectionModule.java:140)
  while locating com.aionemu.gameserver.services.QuestService
    for parameter 3 at com.aionemu.gameserver.services.DropService.<init>(DropService.java:68)
  at com.aionemu.gameserver.utils.guice.DataInjectionModule.configure(DataInjectionModule.java:121)
  while locating com.aionemu.gameserver.services.DropService
Caused by: java.lang.OutOfMemoryError: Java heap space

34) Error injecting constructor, java.lang.OutOfMemoryError: Java heap space
  at com.aionemu.gameserver.dataholders.DataManager.<init>(DataManager.java:142)
  at com.aionemu.gameserver.utils.guice.DataInjectionModule.configure(DataInjectionModule.java:110)
  while locating com.aionemu.gameserver.dataholders.DataManager
  at com.aionemu.gameserver.utils.guice.DataInjectionModule.provideWorldMapsData(DataInjectionModule.java:157)
  while locating com.aionemu.gameserver.dataholders.WorldMapsData
    for parameter 0 at com.aionemu.gameserver.world.World.<init>(World.java:80)
  at com.aionemu.gameserver.utils.guice.DataInjectionModule.configure(DataInjectionModule.java:111)
  while locating com.aionemu.gameserver.world.World
    for parameter 1 at com.aionemu.gameserver.services.LegionService.<init>(LegionService.java:110)
  at com.aionemu.gameserver.utils.guice.DataInjectionModule.configure(DataInjectionModule.java:126)
  while locating com.aionemu.gameserver.services.LegionService
    for field at com.aionemu.gameserver.services.AbyssService.legionService(AbyssService.java:32)
  at com.aionemu.gameserver.utils.guice.DataInjectionModule.configure(DataInjectionModule.java:128)
  while locating com.aionemu.gameserver.services.AbyssService
    for field at com.aionemu.gameserver.services.QuestService.abyssService(QuestService.java:58)
  at com.aionemu.gameserver.utils.guice.DataInjectionModule.configure(DataInjectionModule.java:140)
  while locating com.aionemu.gameserver.services.QuestService
    for parameter 3 at com.aionemu.gameserver.services.DropService.<init>(DropService.java:68)
  at com.aionemu.gameserver.utils.guice.DataInjectionModule.configure(DataInjectionModule.java:121)
  while locating com.aionemu.gameserver.services.DropService
Caused by: java.lang.OutOfMemoryError: Java heap space

35) Error injecting constructor, java.lang.OutOfMemoryError: Java heap space
  at com.aionemu.gameserver.dataholders.DataManager.<init>(DataManager.java:142)
  at com.aionemu.gameserver.utils.guice.DataInjectionModule.configure(DataInjectionModule.java:110)
  while locating com.aionemu.gameserver.dataholders.DataManager
  at com.aionemu.gameserver.utils.guice.DataInjectionModule.provideQuestsData(DataInjectionModule.java:295)
  while locating com.aionemu.gameserver.dataholders.QuestsData
    for field at com.aionemu.gameserver.services.QuestService.questsData(QuestService.java:58)
  at com.aionemu.gameserver.utils.guice.DataInjectionModule.configure(DataInjectionModule.java:140)
  while locating com.aionemu.gameserver.services.QuestService
    for parameter 3 at com.aionemu.gameserver.services.DropService.<init>(DropService.java:68)
  at com.aionemu.gameserver.utils.guice.DataInjectionModule.configure(DataInjectionModule.java:121)
  while locating com.aionemu.gameserver.services.DropService
Caused by: java.lang.OutOfMemoryError: Java heap space

36) Error injecting constructor, java.lang.OutOfMemoryError: Java heap space
  at com.aionemu.gameserver.dataholders.DataManager.<init>(DataManager.java:142)
  at com.aionemu.gameserver.utils.guice.DataInjectionModule.configure(DataInjectionModule.java:110)
  while locating com.aionemu.gameserver.dataholders.DataManager
  at com.aionemu.gameserver.utils.guice.DataInjectionModule.provideWorldMapsData(DataInjectionModule.java:157)
  while locating com.aionemu.gameserver.dataholders.WorldMapsData
    for parameter 0 at com.aionemu.gameserver.world.World.<init>(World.java:80)
  at com.aionemu.gameserver.utils.guice.DataInjectionModule.configure(DataInjectionModule.java:111)
  while locating com.aionemu.gameserver.world.World
    for field at com.aionemu.gameserver.services.DebugService.world(DebugService.java:33)
  at com.aionemu.gameserver.utils.guice.DataInjectionModule.configure(DataInjectionModule.java:144)
  while locating com.aionemu.gameserver.services.DebugService
Caused by: java.lang.OutOfMemoryError: Java heap space

36 errors
com.google.inject.CreationException: Guice creation errors:

1) Error injecting constructor, java.lang.OutOfMemoryError: Java heap space
  at com.aionemu.gameserver.dataholders.DataManager.<init>(DataManager.java:142)
  at com.aionemu.gameserver.utils.guice.DataInjectionModule.configure(DataInjectionModule.java:110)
  while locating com.aionemu.gameserver.dataholders.DataManager
Caused by: java.lang.OutOfMemoryError: Java heap space
	at java.util.Arrays.copyOfRange(Arrays.java:3209)
	at java.lang.String.<init>(String.java:216)
	at java.lang.StringBuilder.toString(StringBuilder.java:430)
	at com.sun.xml.internal.bind.v2.runtime.unmarshaller.UnmarshallingContext.createInstance(UnmarshallingContext.java:521)
	at com.sun.xml.internal.bind.v2.runtime.unmarshaller.StructureLoader.startElement(StructureLoader.java:145)
	at com.sun.xml.internal.bind.v2.runtime.unmarshaller.UnmarshallingContext._startElement(UnmarshallingContext.java:402)
	at com.sun.xml.internal.bind.v2.runtime.unmarshaller.UnmarshallingContext.startElement(UnmarshallingContext.java:380)
	at com.sun.xml.internal.bind.v2.runtime.unmarshaller.ValidatingUnmarshaller.startElement(ValidatingUnmarshaller.java:74)
	at com.sun.xml.internal.bind.v2.runtime.unmarshaller.SAXConnector.startElement(SAXConnector.java:101)
	at com.sun.org.apache.xerces.internal.parsers.AbstractSAXParser.startElement(AbstractSAXParser.java:501)
	at com.sun.org.apache.xerces.internal.impl.XMLNSDocumentScannerImpl.scanStartElement(XMLNSDocumentScannerImpl.java:400)
	at com.sun.org.apache.xerces.internal.impl.XMLDocumentFragmentScannerImpl$FragmentContentDriver.next(XMLDocumentFragmentScannerImpl.java:2747)
	at com.sun.org.apache.xerces.internal.impl.XMLDocumentScannerImpl.next(XMLDocumentScannerImpl.java:648)
	at com.sun.org.apache.xerces.internal.impl.XMLNSDocumentScannerImpl.next(XMLNSDocumentScannerImpl.java:140)
	at com.sun.org.apache.xerces.internal.impl.XMLDocumentFragmentScannerImpl.scanDocument(XMLDocumentFragmentScannerImpl.java:510)
	at com.sun.org.apache.xerces.internal.parsers.XML11Configuration.parse(XML11Configuration.java:807)
	at com.sun.org.apache.xerces.internal.parsers.XML11Configuration.parse(XML11Configuration.java:737)
	at com.sun.org.apache.xerces.internal.parsers.XMLParser.parse(XMLParser.java:107)
	at com.sun.org.apache.xerces.internal.parsers.AbstractSAXParser.parse(AbstractSAXParser.java:1205)
	at com.sun.org.apache.xerces.internal.jaxp.SAXParserImpl$JAXPSAXParser.parse(SAXParserImpl.java:522)
	at com.sun.xml.internal.bind.v2.runtime.unmarshaller.UnmarshallerImpl.unmarshal0(UnmarshallerImpl.java:195)
	at com.sun.xml.internal.bind.v2.runtime.unmarshaller.UnmarshallerImpl.unmarshal(UnmarshallerImpl.java:168)
	at javax.xml.bind.helpers.AbstractUnmarshallerImpl.unmarshal(AbstractUnmarshallerImpl.java:137)
	at javax.xml.bind.helpers.AbstractUnmarshallerImpl.unmarshal(AbstractUnmarshallerImpl.java:142)
	at javax.xml.bind.helpers.AbstractUnmarshallerImpl.unmarshal(AbstractUnmarshallerImpl.java:151)
	at javax.xml.bind.helpers.AbstractUnmarshallerImpl.unmarshal(AbstractUnmarshallerImpl.java:169)
	at com.aionemu.gameserver.dataholders.loadingutils.XmlDataLoader.loadStaticData(XmlDataLoader.java:74)
	at com.aionemu.gameserver.dataholders.DataManager.<init>(DataManager.java:149)
	at com.aionemu.gameserver.dataholders.DataManager$$FastClassByGuice$$c178824e.newInstance(<generated>)
	at com.google.inject.internal.cglib.reflect.FastConstructor.newInstance(FastConstructor.java:40)
	at com.google.inject.internal.DefaultConstructionProxyFactory$1.newInstance(DefaultConstructionProxyFactory.java:58)
	at com.google.inject.internal.ConstructorInjector.construct(ConstructorInjector.java:80)

2) Error injecting constructor, java.lang.OutOfMemoryError: Java heap space
  at com.aionemu.gameserver.dataholders.DataManager.<init>(DataManager.java:142)
  at com.aionemu.gameserver.utils.guice.DataInjectionModule.configure(DataInjectionModule.java:110)
  while locating com.aionemu.gameserver.dataholders.DataManager
  at com.aionemu.gameserver.utils.guice.DataInjectionModule.provideWorldMapsData(DataInjectionModule.java:157)
  while locating com.aionemu.gameserver.dataholders.WorldMapsData
    for parameter 0 at com.aionemu.gameserver.world.World.<init>(World.java:80)
  at com.aionemu.gameserver.utils.guice.DataInjectionModule.configure(DataInjectionModule.java:111)
  while locating com.aionemu.gameserver.world.World
Caused by: java.lang.OutOfMemoryError: Java heap space

3) Error injecting constructor, java.lang.OutOfMemoryError: Java heap space
  at com.aionemu.gameserver.dataholders.DataManager.<init>(DataManager.java:142)
  at com.aionemu.gameserver.utils.guice.DataInjectionModule.configure(DataInjectionModule.java:110)
  while locating com.aionemu.gameserver.dataholders.DataManager
  at com.aionemu.gameserver.utils.guice.DataInjectionModule.provideWorldMapsData(DataInjectionModule.java:157)
  while locating com.aionemu.gameserver.dataholders.WorldMapsData
    for parameter 0 at com.aionemu.gameserver.world.World.<init>(World.java:80)
  at com.aionemu.gameserver.utils.guice.DataInjectionModule.configure(DataInjectionModule.java:111)
  while locating com.aionemu.gameserver.world.World
    for field at com.aionemu.gameserver.spawnengine.SpawnEngine.world(SpawnEngine.java:83)
  at com.aionemu.gameserver.utils.guice.DataInjectionModule.configure(DataInjectionModule.java:112)
  while locating com.aionemu.gameserver.spawnengine.SpawnEngine
Caused by: java.lang.OutOfMemoryError: Java heap space

4) Error injecting constructor, java.lang.OutOfMemoryError: Java heap space
  at com.aionemu.gameserver.dataholders.DataManager.<init>(DataManager.java:142)
  at com.aionemu.gameserver.utils.guice.DataInjectionModule.configure(DataInjectionModule.java:110)
  while locating com.aionemu.gameserver.dataholders.DataManager
  at com.aionemu.gameserver.utils.guice.DataInjectionModule.provideSpawnData(DataInjectionModule.java:151)
  while locating com.aionemu.gameserver.dataholders.SpawnsData
    for field at com.aionemu.gameserver.spawnengine.SpawnEngine.spawnsData(SpawnEngine.java:83)
  at com.aionemu.gameserver.utils.guice.DataInjectionModule.configure(DataInjectionModule.java:112)
  while locating com.aionemu.gameserver.spawnengine.SpawnEngine
Caused by: java.lang.OutOfMemoryError: Java heap space

5) Error injecting constructor, java.lang.OutOfMemoryError: Java heap space
  at com.aionemu.gameserver.dataholders.DataManager.<init>(DataManager.java:142)
  at com.aionemu.gameserver.utils.guice.DataInjectionModule.configure(DataInjectionModule.java:110)
  while locating com.aionemu.gameserver.dataholders.DataManager
  at com.aionemu.gameserver.utils.guice.DataInjectionModule.provideGatherableData(DataInjectionModule.java:188)
  while locating com.aionemu.gameserver.dataholders.GatherableData
    for field at com.aionemu.gameserver.spawnengine.SpawnEngine.gatherableData(SpawnEngine.java:83)
  at com.aionemu.gameserver.utils.guice.DataInjectionModule.configure(DataInjectionModule.java:112)
  while locating com.aionemu.gameserver.spawnengine.SpawnEngine
Caused by: java.lang.OutOfMemoryError: Java heap space

6) Error injecting constructor, java.lang.OutOfMemoryError: Java heap space
  at com.aionemu.gameserver.dataholders.DataManager.<init>(DataManager.java:142)
  at com.aionemu.gameserver.utils.guice.DataInjectionModule.configure(DataInjectionModule.java:110)
  while locating com.aionemu.gameserver.dataholders.DataManager
  at com.aionemu.gameserver.utils.guice.DataInjectionModule.provideNpcData(DataInjectionModule.java:163)
  while locating com.aionemu.gameserver.dataholders.NpcData
    for field at com.aionemu.gameserver.spawnengine.SpawnEngine.npcData(SpawnEngine.java:83)
  at com.aionemu.gameserver.utils.guice.DataInjectionModule.configure(DataInjectionModule.java:112)
  while locating com.aionemu.gameserver.spawnengine.SpawnEngine
Caused by: java.lang.OutOfMemoryError: Java heap space

7) Error injecting constructor, java.lang.OutOfMemoryError: Java heap space
  at com.aionemu.gameserver.dataholders.DataManager.<init>(DataManager.java:142)
  at com.aionemu.gameserver.utils.guice.DataInjectionModule.configure(DataInjectionModule.java:110)
  while locating com.aionemu.gameserver.dataholders.DataManager
  at com.aionemu.gameserver.utils.guice.DataInjectionModule.provideNpcData(DataInjectionModule.java:163)
  while locating com.aionemu.gameserver.dataholders.NpcData
    for field at com.aionemu.gameserver.spawnengine.RiftSpawnManager.npcData(RiftSpawnManager.java:49)
  at com.aionemu.gameserver.utils.guice.DataInjectionModule.configure(DataInjectionModule.java:123)
  while locating com.aionemu.gameserver.spawnengine.RiftSpawnManager
    for field at com.aionemu.gameserver.spawnengine.SpawnEngine.riftSpawnManager(SpawnEngine.java:83)
  at com.aionemu.gameserver.utils.guice.DataInjectionModule.configure(DataInjectionModule.java:112)
  while locating com.aionemu.gameserver.spawnengine.SpawnEngine
Caused by: java.lang.OutOfMemoryError: Java heap space

8) Error injecting constructor, java.lang.OutOfMemoryError: Java heap space
  at com.aionemu.gameserver.dataholders.DataManager.<init>(DataManager.java:142)
  at com.aionemu.gameserver.utils.guice.DataInjectionModule.configure(DataInjectionModule.java:110)
  while locating com.aionemu.gameserver.dataholders.DataManager
  at com.aionemu.gameserver.utils.guice.DataInjectionModule.provideWorldMapsData(DataInjectionModule.java:157)
  while locating com.aionemu.gameserver.dataholders.WorldMapsData
    for parameter 0 at com.aionemu.gameserver.world.World.<init>(World.java:80)
  at com.aionemu.gameserver.utils.guice.DataInjectionModule.configure(DataInjectionModule.java:111)
  while locating com.aionemu.gameserver.world.World
    for field at com.aionemu.gameserver.spawnengine.RiftSpawnManager.world(RiftSpawnManager.java:49)
  at com.aionemu.gameserver.utils.guice.DataInjectionModule.configure(DataInjectionModule.java:123)
  while locating com.aionemu.gameserver.spawnengine.RiftSpawnManager
    for field at com.aionemu.gameserver.spawnengine.SpawnEngine.riftSpawnManager(SpawnEngine.java:83)
  at com.aionemu.gameserver.utils.guice.DataInjectionModule.configure(DataInjectionModule.java:112)
  while locating com.aionemu.gameserver.spawnengine.SpawnEngine
Caused by: java.lang.OutOfMemoryError: Java heap space

9) Error injecting constructor, java.lang.OutOfMemoryError: Java heap space
  at com.aionemu.gameserver.dataholders.DataManager.<init>(DataManager.java:142)
  at com.aionemu.gameserver.utils.guice.DataInjectionModule.configure(DataInjectionModule.java:110)
  while locating com.aionemu.gameserver.dataholders.DataManager
  at com.aionemu.gameserver.utils.guice.DataInjectionModule.provideItemData(DataInjectionModule.java:170)
  while locating com.aionemu.gameserver.dataholders.ItemData
    for field at com.aionemu.gameserver.spawnengine.StaticObjectSpawnManager.itemData(StaticObjectSpawnManager.java:36)
  while locating com.aionemu.gameserver.spawnengine.StaticObjectSpawnManager
    for field at com.aionemu.gameserver.spawnengine.SpawnEngine.staticObjectSpawnManager(SpawnEngine.java:83)
  at com.aionemu.gameserver.utils.guice.DataInjectionModule.configure(DataInjectionModule.java:112)
  while locating com.aionemu.gameserver.spawnengine.SpawnEngine
Caused by: java.lang.OutOfMemoryError: Java heap space

10) Error injecting constructor, java.lang.OutOfMemoryError: Java heap space
  at com.aionemu.gameserver.dataholders.DataManager.<init>(DataManager.java:142)
  at com.aionemu.gameserver.utils.guice.DataInjectionModule.configure(DataInjectionModule.java:110)
  while locating com.aionemu.gameserver.dataholders.DataManager
  at com.aionemu.gameserver.utils.guice.DataInjectionModule.provideWorldMapsData(DataInjectionModule.java:157)
  while locating com.aionemu.gameserver.dataholders.WorldMapsData
    for parameter 0 at com.aionemu.gameserver.world.World.<init>(World.java:80)
  at com.aionemu.gameserver.utils.guice.DataInjectionModule.configure(DataInjectionModule.java:111)
  while locating com.aionemu.gameserver.world.World
    for field at com.aionemu.gameserver.spawnengine.StaticObjectSpawnManager.world(StaticObjectSpawnManager.java:36)
  while locating com.aionemu.gameserver.spawnengine.StaticObjectSpawnManager
    for field at com.aionemu.gameserver.spawnengine.SpawnEngine.staticObjectSpawnManager(SpawnEngine.java:83)
  at com.aionemu.gameserver.utils.guice.DataInjectionModule.configure(DataInjectionModule.java:112)
  while locating com.aionemu.gameserver.spawnengine.SpawnEngine
Caused by: java.lang.OutOfMemoryError: Java heap space

11) Error injecting constructor, java.lang.OutOfMemoryError: Java heap space
  at com.aionemu.gameserver.dataholders.DataManager.<init>(DataManager.java:142)
  at com.aionemu.gameserver.utils.guice.DataInjectionModule.configure(DataInjectionModule.java:110)
  while locating com.aionemu.gameserver.dataholders.DataManager
  at com.aionemu.gameserver.utils.guice.DataInjectionModule.provideWorldMapsData(DataInjectionModule.java:157)
  while locating com.aionemu.gameserver.dataholders.WorldMapsData
    for field at com.aionemu.gameserver.spawnengine.SpawnEngine.worldMapsData(SpawnEngine.java:83)
  at com.aionemu.gameserver.utils.guice.DataInjectionModule.configure(DataInjectionModule.java:112)
  while locating com.aionemu.gameserver.spawnengine.SpawnEngine
Caused by: java.lang.OutOfMemoryError: Java heap space

12) Error injecting constructor, java.lang.OutOfMemoryError: Java heap space
  at com.aionemu.gameserver.dataholders.DataManager.<init>(DataManager.java:142)
  at com.aionemu.gameserver.utils.guice.DataInjectionModule.configure(DataInjectionModule.java:110)
  while locating com.aionemu.gameserver.dataholders.DataManager
  at com.aionemu.gameserver.utils.guice.DataInjectionModule.provideBindPointData(DataInjectionModule.java:194)
  while locating com.aionemu.gameserver.dataholders.BindPointData
    for field at com.aionemu.gameserver.spawnengine.SpawnEngine.bindPointData(SpawnEngine.java:83)
  at com.aionemu.gameserver.utils.guice.DataInjectionModule.configure(DataInjectionModule.java:112)
  while locating com.aionemu.gameserver.spawnengine.SpawnEngine
Caused by: java.lang.OutOfMemoryError: Java heap space

13) Error injecting constructor, java.lang.OutOfMemoryError: Java heap space
  at com.aionemu.gameserver.dataholders.DataManager.<init>(DataManager.java:142)
  at com.aionemu.gameserver.utils.guice.DataInjectionModule.configure(DataInjectionModule.java:110)
  while locating com.aionemu.gameserver.dataholders.DataManager
  at com.aionemu.gameserver.utils.guice.DataInjectionModule.provideNpcSkillData(DataInjectionModule.java:307)
  while locating com.aionemu.gameserver.dataholders.NpcSkillData
    for field at com.aionemu.gameserver.spawnengine.SpawnEngine.npcSkillData(SpawnEngine.java:83)
  at com.aionemu.gameserver.utils.guice.DataInjectionModule.configure(DataInjectionModule.java:112)
  while locating com.aionemu.gameserver.spawnengine.SpawnEngine
Caused by: java.lang.OutOfMemoryError: Java heap space

14) Error injecting constructor, java.lang.OutOfMemoryError: Java heap space
  at com.aionemu.gameserver.dataholders.DataManager.<init>(DataManager.java:142)
  at com.aionemu.gameserver.utils.guice.DataInjectionModule.configure(DataInjectionModule.java:110)
  while locating com.aionemu.gameserver.dataholders.DataManager
  at com.aionemu.gameserver.utils.guice.DataInjectionModule.provideSummonStatsData(DataInjectionModule.java:264)
  while locating com.aionemu.gameserver.dataholders.SummonStatsData
    for field at com.aionemu.gameserver.spawnengine.SpawnEngine.summonStatsData(SpawnEngine.java:83)
  at com.aionemu.gameserver.utils.guice.DataInjectionModule.configure(DataInjectionModule.java:112)
  while locating com.aionemu.gameserver.spawnengine.SpawnEngine
Caused by: java.lang.OutOfMemoryError: Java heap space

15) Error injecting constructor, java.lang.OutOfMemoryError: Java heap space
  at com.aionemu.gameserver.dataholders.DataManager.<init>(DataManager.java:142)
  at com.aionemu.gameserver.utils.guice.DataInjectionModule.configure(DataInjectionModule.java:110)
  while locating com.aionemu.gameserver.dataholders.DataManager
  at com.aionemu.gameserver.utils.guice.DataInjectionModule.provideQuestsData(DataInjectionModule.java:295)
  while locating com.aionemu.gameserver.dataholders.QuestsData
    for field at com.aionemu.gameserver.questEngine.QuestEngine.questData(QuestEngine.java:53)
  at com.aionemu.gameserver.utils.guice.DataInjectionModule.configure(DataInjectionModule.java:113)
  while locating com.aionemu.gameserver.questEngine.QuestEngine
Caused by: java.lang.OutOfMemoryError: Java heap space

16) Error injecting constructor, java.lang.OutOfMemoryError: Java heap space
  at com.aionemu.gameserver.dataholders.DataManager.<init>(DataManager.java:142)
  at com.aionemu.gameserver.utils.guice.DataInjectionModule.configure(DataInjectionModule.java:110)
  while locating com.aionemu.gameserver.dataholders.DataManager
  at com.aionemu.gameserver.utils.guice.DataInjectionModule.provideQuestScriptsData(DataInjectionModule.java:301)
  while locating com.aionemu.gameserver.dataholders.QuestScriptsData
    for field at com.aionemu.gameserver.questEngine.QuestEngine.questScriptsData(QuestEngine.java:53)
  at com.aionemu.gameserver.utils.guice.DataInjectionModule.configure(DataInjectionModule.java:113)
  while locating com.aionemu.gameserver.questEngine.QuestEngine
Caused by: java.lang.OutOfMemoryError: Java heap space

17) Error injecting constructor, java.lang.OutOfMemoryError: Java heap space
  at com.aionemu.gameserver.dataholders.DataManager.<init>(DataManager.java:142)
  at com.aionemu.gameserver.utils.guice.DataInjectionModule.configure(DataInjectionModule.java:110)
  while locating com.aionemu.gameserver.dataholders.DataManager
  at com.aionemu.gameserver.utils.guice.DataInjectionModule.provideWorldMapsData(DataInjectionModule.java:157)
  while locating com.aionemu.gameserver.dataholders.WorldMapsData
    for parameter 0 at com.aionemu.gameserver.world.World.<init>(World.java:80)
  at com.aionemu.gameserver.utils.guice.DataInjectionModule.configure(DataInjectionModule.java:111)
  while locating com.aionemu.gameserver.world.World
    for parameter 1 at com.aionemu.gameserver.services.DropService.<init>(DropService.java:68)
  at com.aionemu.gameserver.utils.guice.DataInjectionModule.configure(DataInjectionModule.java:121)
  while locating com.aionemu.gameserver.services.DropService
Caused by: java.lang.OutOfMemoryError: Java heap space

18) Error injecting constructor, java.lang.OutOfMemoryError: Java heap space
  at com.aionemu.gameserver.dataholders.DataManager.<init>(DataManager.java:142)
  at com.aionemu.gameserver.utils.guice.DataInjectionModule.configure(DataInjectionModule.java:110)
  while locating com.aionemu.gameserver.dataholders.DataManager
  at com.aionemu.gameserver.utils.guice.DataInjectionModule.provideQuestsData(DataInjectionModule.java:295)
  while locating com.aionemu.gameserver.dataholders.QuestsData
    for field at com.aionemu.gameserver.questEngine.QuestEngine.questData(QuestEngine.java:53)
  at com.aionemu.gameserver.utils.guice.DataInjectionModule.configure(DataInjectionModule.java:113)
  while locating com.aionemu.gameserver.questEngine.QuestEngine
    for field at com.aionemu.gameserver.services.GroupService.questEngine(GroupService.java:56)
  at com.aionemu.gameserver.utils.guice.DataInjectionModule.configure(DataInjectionModule.java:132)
  while locating com.aionemu.gameserver.services.GroupService
    for parameter 2 at com.aionemu.gameserver.services.DropService.<init>(DropService.java:68)
  at com.aionemu.gameserver.utils.guice.DataInjectionModule.configure(DataInjectionModule.java:121)
  while locating com.aionemu.gameserver.services.DropService
Caused by: java.lang.OutOfMemoryError: Java heap space

19) Error injecting constructor, java.lang.OutOfMemoryError: Java heap space
  at com.aionemu.gameserver.dataholders.DataManager.<init>(DataManager.java:142)
  at com.aionemu.gameserver.utils.guice.DataInjectionModule.configure(DataInjectionModule.java:110)
  while locating com.aionemu.gameserver.dataholders.DataManager
  at com.aionemu.gameserver.utils.guice.DataInjectionModule.provideQuestScriptsData(DataInjectionModule.java:301)
  while locating com.aionemu.gameserver.dataholders.QuestScriptsData
    for field at com.aionemu.gameserver.questEngine.QuestEngine.questScriptsData(QuestEngine.java:53)
  at com.aionemu.gameserver.utils.guice.DataInjectionModule.configure(DataInjectionModule.java:113)
  while locating com.aionemu.gameserver.questEngine.QuestEngine
    for field at com.aionemu.gameserver.services.GroupService.questEngine(GroupService.java:56)
  at com.aionemu.gameserver.utils.guice.DataInjectionModule.configure(DataInjectionModule.java:132)
  while locating com.aionemu.gameserver.services.GroupService
    for parameter 2 at com.aionemu.gameserver.services.DropService.<init>(DropService.java:68)
  at com.aionemu.gameserver.utils.guice.DataInjectionModule.configure(DataInjectionModule.java:121)
  while locating com.aionemu.gameserver.services.DropService
Caused by: java.lang.OutOfMemoryError: Java heap space

20) Error injecting constructor, java.lang.OutOfMemoryError: Java heap space
  at com.aionemu.gameserver.dataholders.DataManager.<init>(DataManager.java:142)
  at com.aionemu.gameserver.utils.guice.DataInjectionModule.configure(DataInjectionModule.java:110)
  while locating com.aionemu.gameserver.dataholders.DataManager
  at com.aionemu.gameserver.utils.guice.DataInjectionModule.provideWorldMapsData(DataInjectionModule.java:157)
  while locating com.aionemu.gameserver.dataholders.WorldMapsData
    for parameter 0 at com.aionemu.gameserver.world.World.<init>(World.java:80)
  at com.aionemu.gameserver.utils.guice.DataInjectionModule.configure(DataInjectionModule.java:111)
  while locating com.aionemu.gameserver.world.World
    for field at com.aionemu.gameserver.spawnengine.SpawnEngine.world(SpawnEngine.java:83)
  at com.aionemu.gameserver.utils.guice.DataInjectionModule.configure(DataInjectionModule.java:112)
  while locating com.aionemu.gameserver.spawnengine.SpawnEngine
    for field at com.aionemu.gameserver.services.QuestService.spawnEngine(QuestService.java:58)
  at com.aionemu.gameserver.utils.guice.DataInjectionModule.configure(DataInjectionModule.java:140)
  while locating com.aionemu.gameserver.services.QuestService
    for parameter 3 at com.aionemu.gameserver.services.DropService.<init>(DropService.java:68)
  at com.aionemu.gameserver.utils.guice.DataInjectionModule.configure(DataInjectionModule.java:121)
  while locating com.aionemu.gameserver.services.DropService
Caused by: java.lang.OutOfMemoryError: Java heap space

21) Error injecting constructor, java.lang.OutOfMemoryError: Java heap space
  at com.aionemu.gameserver.dataholders.DataManager.<init>(DataManager.java:142)
  at com.aionemu.gameserver.utils.guice.DataInjectionModule.configure(DataInjectionModule.java:110)
  while locating com.aionemu.gameserver.dataholders.DataManager
  at com.aionemu.gameserver.utils.guice.DataInjectionModule.provideSpawnData(DataInjectionModule.java:151)
  while locating com.aionemu.gameserver.dataholders.SpawnsData
    for field at com.aionemu.gameserver.spawnengine.SpawnEngine.spawnsData(SpawnEngine.java:83)
  at com.aionemu.gameserver.utils.guice.DataInjectionModule.configure(DataInjectionModule.java:112)
  while locating com.aionemu.gameserver.spawnengine.SpawnEngine
    for field at com.aionemu.gameserver.services.QuestService.spawnEngine(QuestService.java:58)
  at com.aionemu.gameserver.utils.guice.DataInjectionModule.configure(DataInjectionModule.java:140)
  while locating com.aionemu.gameserver.services.QuestService
    for parameter 3 at com.aionemu.gameserver.services.DropService.<init>(DropService.java:68)
  at com.aionemu.gameserver.utils.guice.DataInjectionModule.configure(DataInjectionModule.java:121)
  while locating com.aionemu.gameserver.services.DropService
Caused by: java.lang.OutOfMemoryError: Java heap space

22) Error injecting constructor, java.lang.OutOfMemoryError: Java heap space
  at com.aionemu.gameserver.dataholders.DataManager.<init>(DataManager.java:142)
  at com.aionemu.gameserver.utils.guice.DataInjectionModule.configure(DataInjectionModule.java:110)
  while locating com.aionemu.gameserver.dataholders.DataManager
  at com.aionemu.gameserver.utils.guice.DataInjectionModule.provideGatherableData(DataInjectionModule.java:188)
  while locating com.aionemu.gameserver.dataholders.GatherableData
    for field at com.aionemu.gameserver.spawnengine.SpawnEngine.gatherableData(SpawnEngine.java:83)
  at com.aionemu.gameserver.utils.guice.DataInjectionModule.configure(DataInjectionModule.java:112)
  while locating com.aionemu.gameserver.spawnengine.SpawnEngine
    for field at com.aionemu.gameserver.services.QuestService.spawnEngine(QuestService.java:58)
  at com.aionemu.gameserver.utils.guice.DataInjectionModule.configure(DataInjectionModule.java:140)
  while locating com.aionemu.gameserver.services.QuestService
    for parameter 3 at com.aionemu.gameserver.services.DropService.<init>(DropService.java:68)
  at com.aionemu.gameserver.utils.guice.DataInjectionModule.configure(DataInjectionModule.java:121)
  while locating com.aionemu.gameserver.services.DropService
Caused by: java.lang.OutOfMemoryError: Java heap space

23) Error injecting constructor, java.lang.OutOfMemoryError: Java heap space
  at com.aionemu.gameserver.dataholders.DataManager.<init>(DataManager.java:142)
  at com.aionemu.gameserver.utils.guice.DataInjectionModule.configure(DataInjectionModule.java:110)
  while locating com.aionemu.gameserver.dataholders.DataManager
  at com.aionemu.gameserver.utils.guice.DataInjectionModule.provideNpcData(DataInjectionModule.java:163)
  while locating com.aionemu.gameserver.dataholders.NpcData
    for field at com.aionemu.gameserver.spawnengine.SpawnEngine.npcData(SpawnEngine.java:83)
  at com.aionemu.gameserver.utils.guice.DataInjectionModule.configure(DataInjectionModule.java:112)
  while locating com.aionemu.gameserver.spawnengine.SpawnEngine
    for field at com.aionemu.gameserver.services.QuestService.spawnEngine(QuestService.java:58)
  at com.aionemu.gameserver.utils.guice.DataInjectionModule.configure(DataInjectionModule.java:140)
  while locating com.aionemu.gameserver.services.QuestService
    for parameter 3 at com.aionemu.gameserver.services.DropService.<init>(DropService.java:68)
  at com.aionemu.gameserver.utils.guice.DataInjectionModule.configure(DataInjectionModule.java:121)
  while locating com.aionemu.gameserver.services.DropService
Caused by: java.lang.OutOfMemoryError: Java heap space

24) Error injecting constructor, java.lang.OutOfMemoryError: Java heap space
  at com.aionemu.gameserver.dataholders.DataManager.<init>(DataManager.java:142)
  at com.aionemu.gameserver.utils.guice.DataInjectionModule.configure(DataInjectionModule.java:110)
  while locating com.aionemu.gameserver.dataholders.DataManager
  at com.aionemu.gameserver.utils.guice.DataInjectionModule.provideNpcData(DataInjectionModule.java:163)
  while locating com.aionemu.gameserver.dataholders.NpcData
    for field at com.aionemu.gameserver.spawnengine.RiftSpawnManager.npcData(RiftSpawnManager.java:49)
  at com.aionemu.gameserver.utils.guice.DataInjectionModule.configure(DataInjectionModule.java:123)
  while locating com.aionemu.gameserver.spawnengine.RiftSpawnManager
    for field at com.aionemu.gameserver.spawnengine.SpawnEngine.riftSpawnManager(SpawnEngine.java:83)
  at com.aionemu.gameserver.utils.guice.DataInjectionModule.configure(DataInjectionModule.java:112)
  while locating com.aionemu.gameserver.spawnengine.SpawnEngine
    for field at com.aionemu.gameserver.services.QuestService.spawnEngine(QuestService.java:58)
  at com.aionemu.gameserver.utils.guice.DataInjectionModule.configure(DataInjectionModule.java:140)
  while locating com.aionemu.gameserver.services.QuestService
    for parameter 3 at com.aionemu.gameserver.services.DropService.<init>(DropService.java:68)
  at com.aionemu.gameserver.utils.guice.DataInjectionModule.configure(DataInjectionModule.java:121)
  while locating com.aionemu.gameserver.services.DropService
Caused by: java.lang.OutOfMemoryError: Java heap space

25) Error injecting constructor, java.lang.OutOfMemoryError: Java heap space
  at com.aionemu.gameserver.dataholders.DataManager.<init>(DataManager.java:142)
  at com.aionemu.gameserver.utils.guice.DataInjectionModule.configure(DataInjectionModule.java:110)
  while locating com.aionemu.gameserver.dataholders.DataManager
  at com.aionemu.gameserver.utils.guice.DataInjectionModule.provideWorldMapsData(DataInjectionModule.java:157)
  while locating com.aionemu.gameserver.dataholders.WorldMapsData
    for parameter 0 at com.aionemu.gameserver.world.World.<init>(World.java:80)
  at com.aionemu.gameserver.utils.guice.DataInjectionModule.configure(DataInjectionModule.java:111)
  while locating com.aionemu.gameserver.world.World
    for field at com.aionemu.gameserver.spawnengine.RiftSpawnManager.world(RiftSpawnManager.java:49)
  at com.aionemu.gameserver.utils.guice.DataInjectionModule.configure(DataInjectionModule.java:123)
  while locating com.aionemu.gameserver.spawnengine.RiftSpawnManager
    for field at com.aionemu.gameserver.spawnengine.SpawnEngine.riftSpawnManager(SpawnEngine.java:83)
  at com.aionemu.gameserver.utils.guice.DataInjectionModule.configure(DataInjectionModule.java:112)
  while locating com.aionemu.gameserver.spawnengine.SpawnEngine
    for field at com.aionemu.gameserver.services.QuestService.spawnEngine(QuestService.java:58)
  at com.aionemu.gameserver.utils.guice.DataInjectionModule.configure(DataInjectionModule.java:140)
  while locating com.aionemu.gameserver.services.QuestService
    for parameter 3 at com.aionemu.gameserver.services.DropService.<init>(DropService.java:68)
  at com.aionemu.gameserver.utils.guice.DataInjectionModule.configure(DataInjectionModule.java:121)
  while locating com.aionemu.gameserver.services.DropService
Caused by: java.lang.OutOfMemoryError: Java heap space

26) Error injecting constructor, java.lang.OutOfMemoryError: Java heap space
  at com.aionemu.gameserver.dataholders.DataManager.<init>(DataManager.java:142)
  at com.aionemu.gameserver.utils.guice.DataInjectionModule.configure(DataInjectionModule.java:110)
  while locating com.aionemu.gameserver.dataholders.DataManager
  at com.aionemu.gameserver.utils.guice.DataInjectionModule.provideItemData(DataInjectionModule.java:170)
  while locating com.aionemu.gameserver.dataholders.ItemData
    for field at com.aionemu.gameserver.spawnengine.StaticObjectSpawnManager.itemData(StaticObjectSpawnManager.java:36)
  while locating com.aionemu.gameserver.spawnengine.StaticObjectSpawnManager
    for field at com.aionemu.gameserver.spawnengine.SpawnEngine.staticObjectSpawnManager(SpawnEngine.java:83)
  at com.aionemu.gameserver.utils.guice.DataInjectionModule.configure(DataInjectionModule.java:112)
  while locating com.aionemu.gameserver.spawnengine.SpawnEngine
    for field at com.aionemu.gameserver.services.QuestService.spawnEngine(QuestService.java:58)
  at com.aionemu.gameserver.utils.guice.DataInjectionModule.configure(DataInjectionModule.java:140)
  while locating com.aionemu.gameserver.services.QuestService
    for parameter 3 at com.aionemu.gameserver.services.DropService.<init>(DropService.java:68)
  at com.aionemu.gameserver.utils.guice.DataInjectionModule.configure(DataInjectionModule.java:121)
  while locating com.aionemu.gameserver.services.DropService
Caused by: java.lang.OutOfMemoryError: Java heap space

27) Error injecting constructor, java.lang.OutOfMemoryError: Java heap space
  at com.aionemu.gameserver.dataholders.DataManager.<init>(DataManager.java:142)
  at com.aionemu.gameserver.utils.guice.DataInjectionModule.configure(DataInjectionModule.java:110)
  while locating com.aionemu.gameserver.dataholders.DataManager
  at com.aionemu.gameserver.utils.guice.DataInjectionModule.provideWorldMapsData(DataInjectionModule.java:157)
  while locating com.aionemu.gameserver.dataholders.WorldMapsData
    for parameter 0 at com.aionemu.gameserver.world.World.<init>(World.java:80)
  at com.aionemu.gameserver.utils.guice.DataInjectionModule.configure(DataInjectionModule.java:111)
  while locating com.aionemu.gameserver.world.World
    for field at com.aionemu.gameserver.spawnengine.StaticObjectSpawnManager.world(StaticObjectSpawnManager.java:36)
  while locating com.aionemu.gameserver.spawnengine.StaticObjectSpawnManager
    for field at com.aionemu.gameserver.spawnengine.SpawnEngine.staticObjectSpawnManager(SpawnEngine.java:83)
  at com.aionemu.gameserver.utils.guice.DataInjectionModule.configure(DataInjectionModule.java:112)
  while locating com.aionemu.gameserver.spawnengine.SpawnEngine
    for field at com.aionemu.gameserver.services.QuestService.spawnEngine(QuestService.java:58)
  at com.aionemu.gameserver.utils.guice.DataInjectionModule.configure(DataInjectionModule.java:140)
  while locating com.aionemu.gameserver.services.QuestService
    for parameter 3 at com.aionemu.gameserver.services.DropService.<init>(DropService.java:68)
  at com.aionemu.gameserver.utils.guice.DataInjectionModule.configure(DataInjectionModule.java:121)
  while locating com.aionemu.gameserver.services.DropService
Caused by: java.lang.OutOfMemoryError: Java heap space

28) Error injecting constructor, java.lang.OutOfMemoryError: Java heap space
  at com.aionemu.gameserver.dataholders.DataManager.<init>(DataManager.java:142)
  at com.aionemu.gameserver.utils.guice.DataInjectionModule.configure(DataInjectionModule.java:110)
  while locating com.aionemu.gameserver.dataholders.DataManager
  at com.aionemu.gameserver.utils.guice.DataInjectionModule.provideWorldMapsData(DataInjectionModule.java:157)
  while locating com.aionemu.gameserver.dataholders.WorldMapsData
    for field at com.aionemu.gameserver.spawnengine.SpawnEngine.worldMapsData(SpawnEngine.java:83)
  at com.aionemu.gameserver.utils.guice.DataInjectionModule.configure(DataInjectionModule.java:112)
  while locating com.aionemu.gameserver.spawnengine.SpawnEngine
    for field at com.aionemu.gameserver.services.QuestService.spawnEngine(QuestService.java:58)
  at com.aionemu.gameserver.utils.guice.DataInjectionModule.configure(DataInjectionModule.java:140)
  while locating com.aionemu.gameserver.services.QuestService
    for parameter 3 at com.aionemu.gameserver.services.DropService.<init>(DropService.java:68)
  at com.aionemu.gameserver.utils.guice.DataInjectionModule.configure(DataInjectionModule.java:121)
  while locating com.aionemu.gameserver.services.DropService
Caused by: java.lang.OutOfMemoryError: Java heap space

29) Error injecting constructor, java.lang.OutOfMemoryError: Java heap space
  at com.aionemu.gameserver.dataholders.DataManager.<init>(DataManager.java:142)
  at com.aionemu.gameserver.utils.guice.DataInjectionModule.configure(DataInjectionModule.java:110)
  while locating com.aionemu.gameserver.dataholders.DataManager
  at com.aionemu.gameserver.utils.guice.DataInjectionModule.provideBindPointData(DataInjectionModule.java:194)
  while locating com.aionemu.gameserver.dataholders.BindPointData
    for field at com.aionemu.gameserver.spawnengine.SpawnEngine.bindPointData(SpawnEngine.java:83)
  at com.aionemu.gameserver.utils.guice.DataInjectionModule.configure(DataInjectionModule.java:112)
  while locating com.aionemu.gameserver.spawnengine.SpawnEngine
    for field at com.aionemu.gameserver.services.QuestService.spawnEngine(QuestService.java:58)
  at com.aionemu.gameserver.utils.guice.DataInjectionModule.configure(DataInjectionModule.java:140)
  while locating com.aionemu.gameserver.services.QuestService
    for parameter 3 at com.aionemu.gameserver.services.DropService.<init>(DropService.java:68)
  at com.aionemu.gameserver.utils.guice.DataInjectionModule.configure(DataInjectionModule.java:121)
  while locating com.aionemu.gameserver.services.DropService
Caused by: java.lang.OutOfMemoryError: Java heap space

30) Error injecting constructor, java.lang.OutOfMemoryError: Java heap space
  at com.aionemu.gameserver.dataholders.DataManager.<init>(DataManager.java:142)
  at com.aionemu.gameserver.utils.guice.DataInjectionModule.configure(DataInjectionModule.java:110)
  while locating com.aionemu.gameserver.dataholders.DataManager
  at com.aionemu.gameserver.utils.guice.DataInjectionModule.provideNpcSkillData(DataInjectionModule.java:307)
  while locating com.aionemu.gameserver.dataholders.NpcSkillData
    for field at com.aionemu.gameserver.spawnengine.SpawnEngine.npcSkillData(SpawnEngine.java:83)
  at com.aionemu.gameserver.utils.guice.DataInjectionModule.configure(DataInjectionModule.java:112)
  while locating com.aionemu.gameserver.spawnengine.SpawnEngine
    for field at com.aionemu.gameserver.services.QuestService.spawnEngine(QuestService.java:58)
  at com.aionemu.gameserver.utils.guice.DataInjectionModule.configure(DataInjectionModule.java:140)
  while locating com.aionemu.gameserver.services.QuestService
    for parameter 3 at com.aionemu.gameserver.services.DropService.<init>(DropService.java:68)
  at com.aionemu.gameserver.utils.guice.DataInjectionModule.configure(DataInjectionModule.java:121)
  while locating com.aionemu.gameserver.services.DropService
Caused by: java.lang.OutOfMemoryError: Java heap space

31) Error injecting constructor, java.lang.OutOfMemoryError: Java heap space
  at com.aionemu.gameserver.dataholders.DataManager.<init>(DataManager.java:142)
  at com.aionemu.gameserver.utils.guice.DataInjectionModule.configure(DataInjectionModule.java:110)
  while locating com.aionemu.gameserver.dataholders.DataManager
  at com.aionemu.gameserver.utils.guice.DataInjectionModule.provideSummonStatsData(DataInjectionModule.java:264)
  while locating com.aionemu.gameserver.dataholders.SummonStatsData
    for field at com.aionemu.gameserver.spawnengine.SpawnEngine.summonStatsData(SpawnEngine.java:83)
  at com.aionemu.gameserver.utils.guice.DataInjectionModule.configure(DataInjectionModule.java:112)
  while locating com.aionemu.gameserver.spawnengine.SpawnEngine
    for field at com.aionemu.gameserver.services.QuestService.spawnEngine(QuestService.java:58)
  at com.aionemu.gameserver.utils.guice.DataInjectionModule.configure(DataInjectionModule.java:140)
  while locating com.aionemu.gameserver.services.QuestService
    for parameter 3 at com.aionemu.gameserver.services.DropService.<init>(DropService.java:68)
  at com.aionemu.gameserver.utils.guice.DataInjectionModule.configure(DataInjectionModule.java:121)
  while locating com.aionemu.gameserver.services.DropService
Caused by: java.lang.OutOfMemoryError: Java heap space

32) Error injecting constructor, java.lang.OutOfMemoryError: Java heap space
  at com.aionemu.gameserver.dataholders.DataManager.<init>(DataManager.java:142)
  at com.aionemu.gameserver.utils.guice.DataInjectionModule.configure(DataInjectionModule.java:110)
  while locating com.aionemu.gameserver.dataholders.DataManager
  at com.aionemu.gameserver.utils.guice.DataInjectionModule.provideQuestsData(DataInjectionModule.java:295)
  while locating com.aionemu.gameserver.dataholders.QuestsData
    for field at com.aionemu.gameserver.questEngine.QuestEngine.questData(QuestEngine.java:53)
  at com.aionemu.gameserver.utils.guice.DataInjectionModule.configure(DataInjectionModule.java:113)
  while locating com.aionemu.gameserver.questEngine.QuestEngine
    for field at com.aionemu.gameserver.services.QuestService.questEngine(QuestService.java:58)
  at com.aionemu.gameserver.utils.guice.DataInjectionModule.configure(DataInjectionModule.java:140)
  while locating com.aionemu.gameserver.services.QuestService
    for parameter 3 at com.aionemu.gameserver.services.DropService.<init>(DropService.java:68)
  at com.aionemu.gameserver.utils.guice.DataInjectionModule.configure(DataInjectionModule.java:121)
  while locating com.aionemu.gameserver.services.DropService
Caused by: java.lang.OutOfMemoryError: Java heap space

33) Error injecting constructor, java.lang.OutOfMemoryError: Java heap space
  at com.aionemu.gameserver.dataholders.DataManager.<init>(DataManager.java:142)
  at com.aionemu.gameserver.utils.guice.DataInjectionModule.configure(DataInjectionModule.java:110)
  while locating com.aionemu.gameserver.dataholders.DataManager
  at com.aionemu.gameserver.utils.guice.DataInjectionModule.provideQuestScriptsData(DataInjectionModule.java:301)
  while locating com.aionemu.gameserver.dataholders.QuestScriptsData
    for field at com.aionemu.gameserver.questEngine.QuestEngine.questScriptsData(QuestEngine.java:53)
  at com.aionemu.gameserver.utils.guice.DataInjectionModule.configure(DataInjectionModule.java:113)
  while locating com.aionemu.gameserver.questEngine.QuestEngine
    for field at com.aionemu.gameserver.services.QuestService.questEngine(QuestService.java:58)
  at com.aionemu.gameserver.utils.guice.DataInjectionModule.configure(DataInjectionModule.java:140)
  while locating com.aionemu.gameserver.services.QuestService
    for parameter 3 at com.aionemu.gameserver.services.DropService.<init>(DropService.java:68)
  at com.aionemu.gameserver.utils.guice.DataInjectionModule.configure(DataInjectionModule.java:121)
  while locating com.aionemu.gameserver.services.DropService
Caused by: java.lang.OutOfMemoryError: Java heap space

34) Error injecting constructor, java.lang.OutOfMemoryError: Java heap space
  at com.aionemu.gameserver.dataholders.DataManager.<init>(DataManager.java:142)
  at com.aionemu.gameserver.utils.guice.DataInjectionModule.configure(DataInjectionModule.java:110)
  while locating com.aionemu.gameserver.dataholders.DataManager
  at com.aionemu.gameserver.utils.guice.DataInjectionModule.provideWorldMapsData(DataInjectionModule.java:157)
  while locating com.aionemu.gameserver.dataholders.WorldMapsData
    for parameter 0 at com.aionemu.gameserver.world.World.<init>(World.java:80)
  at com.aionemu.gameserver.utils.guice.DataInjectionModule.configure(DataInjectionModule.java:111)
  while locating com.aionemu.gameserver.world.World
    for parameter 1 at com.aionemu.gameserver.services.LegionService.<init>(LegionService.java:110)
  at com.aionemu.gameserver.utils.guice.DataInjectionModule.configure(DataInjectionModule.java:126)
  while locating com.aionemu.gameserver.services.LegionService
    for field at com.aionemu.gameserver.services.AbyssService.legionService(AbyssService.java:32)
  at com.aionemu.gameserver.utils.guice.DataInjectionModule.configure(DataInjectionModule.java:128)
  while locating com.aionemu.gameserver.services.AbyssService
    for field at com.aionemu.gameserver.services.QuestService.abyssService(QuestService.java:58)
  at com.aionemu.gameserver.utils.guice.DataInjectionModule.configure(DataInjectionModule.java:140)
  while locating com.aionemu.gameserver.services.QuestService
    for parameter 3 at com.aionemu.gameserver.services.DropService.<init>(DropService.java:68)
  at com.aionemu.gameserver.utils.guice.DataInjectionModule.configure(DataInjectionModule.java:121)
  while locating com.aionemu.gameserver.services.DropService
Caused by: java.lang.OutOfMemoryError: Java heap space

35) Error injecting constructor, java.lang.OutOfMemoryError: Java heap space
  at com.aionemu.gameserver.dataholders.DataManager.<init>(DataManager.java:142)
  at com.aionemu.gameserver.utils.guice.DataInjectionModule.configure(DataInjectionModule.java:110)
  while locating com.aionemu.gameserver.dataholders.DataManager
  at com.aionemu.gameserver.utils.guice.DataInjectionModule.provideQuestsData(DataInjectionModule.java:295)
  while locating com.aionemu.gameserver.dataholders.QuestsData
    for field at com.aionemu.gameserver.services.QuestService.questsData(QuestService.java:58)
  at com.aionemu.gameserver.utils.guice.DataInjectionModule.configure(DataInjectionModule.java:140)
  while locating com.aionemu.gameserver.services.QuestService
    for parameter 3 at com.aionemu.gameserver.services.DropService.<init>(DropService.java:68)
  at com.aionemu.gameserver.utils.guice.DataInjectionModule.configure(DataInjectionModule.java:121)
  while locating com.aionemu.gameserver.services.DropService
Caused by: java.lang.OutOfMemoryError: Java heap space

36) Error injecting constructor, java.lang.OutOfMemoryError: Java heap space
  at com.aionemu.gameserver.dataholders.DataManager.<init>(DataManager.java:142)
  at com.aionemu.gameserver.utils.guice.DataInjectionModule.configure(DataInjectionModule.java:110)
  while locating com.aionemu.gameserver.dataholders.DataManager
  at com.aionemu.gameserver.utils.guice.DataInjectionModule.provideWorldMapsData(DataInjectionModule.java:157)
  while locating com.aionemu.gameserver.dataholders.WorldMapsData
    for parameter 0 at com.aionemu.gameserver.world.World.<init>(World.java:80)
  at com.aionemu.gameserver.utils.guice.DataInjectionModule.configure(DataInjectionModule.java:111)
  while locating com.aionemu.gameserver.world.World
    for field at com.aionemu.gameserver.services.DebugService.world(DebugService.java:33)
  at com.aionemu.gameserver.utils.guice.DataInjectionModule.configure(DataInjectionModule.java:144)
  while locating com.aionemu.gameserver.services.DebugService
Caused by: java.lang.OutOfMemoryError: Java heap space

36 errors
	at com.google.inject.internal.Errors.throwCreationExceptionIfErrorsExist(Errors.java:379)
	at com.google.inject.internal.InternalInjectorCreator.injectDynamically(InternalInjectorCreator.java:191)
	at com.google.inject.internal.InternalInjectorCreator.build(InternalInjectorCreator.java:117)
	at com.google.inject.InjectorBuilder.build(InjectorBuilder.java:90)
	at com.google.inject.Guice.createInjector(Guice.java:105)
	at com.google.inject.Guice.createInjector(Guice.java:76)
	at com.google.inject.Guice.createInjector(Guice.java:63)
	at com.aionemu.gameserver.GameServer.<init>(GameServer.java:53)
	at com.aionemu.gameserver.GameServer.main(GameServer.java:68)
